<html>
<head>
<title>TestNG:  Default test</title>
<link href="../testng.css" rel="stylesheet" type="text/css" />
<link href="../my-testng.css" rel="stylesheet" type="text/css" />

<style type="text/css">
.log { display: none;} 
.stack-trace { display: none;} 
</style>
<script type="text/javascript">
<!--
function flip(e) {
  current = e.style.display;
  if (current == 'block') {
    e.style.display = 'none';
    return 0;
  }
  else {
    e.style.display = 'block';
    return 1;
  }
}

function toggleBox(szDivId, elem, msg1, msg2)
{
  var res = -1;  if (document.getElementById) {
    res = flip(document.getElementById(szDivId));
  }
  else if (document.all) {
    // this is the way old msie versions work
    res = flip(document.all[szDivId]);
  }
  if(elem) {
    if(res == 0) elem.innerHTML = msg1; else elem.innerHTML = msg2;
  }

}

function toggleAllBoxes() {
  if (document.getElementsByTagName) {
    d = document.getElementsByTagName('div');
    for (i = 0; i < d.length; i++) {
      if (d[i].className == 'log') {
        flip(d[i]);
      }
    }
  }
}

// -->
</script>

</head>
<body>
<h2 align='center'>Default test</h2><table border='1' align="center">
<tr>
<td>Tests passed/Failed/Skipped:</td><td>137/18/0</td>
</tr><tr>
<td>Started on:</td><td>Thu May 02 17:36:40 EDT 2024</td>
</tr>
<tr><td>Total time:</td><td>355 seconds (355407 ms)</td>
</tr><tr>
<td>Included groups:</td><td></td>
</tr><tr>
<td>Excluded groups:</td><td></td>
</tr>
</table><p/>
<small><i>(Hover the method name to see the test class name)</i></small><p/>
<table width='100%' border='1' class='invocation-failed'>
<tr><td colspan='4' align='center'><b>FAILED TESTS</b></td></tr>
<tr><td><b>Test method</b></td>
<td><b>Attribute(s)</b></td>
<td width="30%"><b>Exception</b></td>
<td width="10%"><b>Time (seconds)</b></td>
<td><b>Instance</b></td>
</tr>
<tr>
<td title='Runner.MyTestRunner.runScenario()'><b>runScenario</b><br>Test class: Runner.MyTestRunner<br>Test method: Runs Cucumber Scenarios<br>Parameters: "Check for multi row delete.", "Optional[Delete Multiple Users]"</td>
<td><div><pre>org.openqa.selenium.NoSuchElementException: no such element: Unable to locate element: {&quot;method&quot;:&quot;xpath&quot;,&quot;selector&quot;:&quot;//button[@class=&apos;p-paginator-prev p-paginator-element p-link p-ripple&apos;]&quot;}
  (Session info: chrome=124.0.6367.79)
For documentation on this error, please visit: https://www.selenium.dev/documentation/webdriver/troubleshooting/errors#no-such-element-exception
Build info: version: &apos;4.15.0&apos;, revision: &apos;1d14b5521b&apos;
System info: os.name: &apos;Windows 11&apos;, os.arch: &apos;amd64&apos;, os.version: &apos;10.0&apos;, java.version: &apos;21.0.1&apos;
Driver info: org.openqa.selenium.chrome.ChromeDriver
Command: [507114f9899f50b14034efed007d6bca, findElement {using=xpath, value=//button[@class=&apos;p-paginator-prev p-paginator-element p-link p-ripple&apos;]}]
Capabilities {acceptInsecureCerts: false, browserName: chrome, browserVersion: 124.0.6367.79, chrome: {chromedriverVersion: 124.0.6367.91 (51df0e5e17a8..., userDataDir: C:\Users\nsatc\AppData\Loca...}, fedcm:accounts: true, goog:chromeOptions: {debuggerAddress: localhost:51485}, networkConnectionEnabled: false, pageLoadStrategy: normal, platformName: windows, proxy: Proxy(), se:cdp: ws://localhost:51485/devtoo..., se:cdpVersion: 124.0.6367.79, setWindowRect: true, strictFileInteractability: false, timeouts: {implicit: 0, pageLoad: 300000, script: 30000}, unhandledPromptBehavior: dismiss and notify, webauthn:extension:credBlob: true, webauthn:extension:largeBlob: true, webauthn:extension:minPinLength: true, webauthn:extension:prf: true, webauthn:virtualAuthenticators: true}
Session ID: 507114f9899f50b14034efed007d6bca
	at java.base/jdk.internal.reflect.DirectConstructorHandleAccessor.newInstance(DirectConstructorHandleAccessor.java:62)
	at java.base/java.lang.reflect.Constructor.newInstanceWithCaller(Constructor.java:502)
	at java.base/java.lang.reflect.Constructor.newInstance(Constructor.java:486)
	at org.openqa.selenium.remote.codec.w3c.W3CHttpResponseCodec.createException(W3CHttpResponseCodec.java:200)
	at org.openqa.selenium.remote.codec.w3c.W3CHttpResponseCodec.decode(W3CHttpResponseCodec.java:133)
	at org.openqa.selenium.remote.codec.w3c.W3CHttpResponseCodec.decode(W3CHttpResponseCodec.java:52)
	at org.openqa.selenium.remote.HttpCommandExecutor.execute(HttpCommandExecutor.java:191)
	at org.openqa.selenium.remote.service.DriverCommandExecutor.invokeExecute(DriverCommandExecutor.java:200)
	at org.openqa.selenium.remote.service.DriverCommandExecutor.execute(DriverCommandExecutor.java:175)
	at org.openqa.selenium.remote.RemoteWebDriver.execute(RemoteWebDriver.java:607)
	at org.openqa.selenium.remote.ElementLocation$ElementFinder$2.findElement(ElementLocation.java:165)
	at org.openqa.selenium.remote.ElementLocation.findElement(ElementLocation.java:59)
	at org.openqa.selenium.remote.RemoteWebDriver.findElement(RemoteWebDriver.java:364)
	at org.openqa.selenium.remote.RemoteWebDriver.findElement(RemoteWebDriver.java:358)
	at PageObjects.DeleteMultipleUsers.deletemultirow(DeleteMultipleUsers.java:64)
	at StepDefinitions.DeleteMultipleUsersSteps.click_del_button_below_Manage_User_header(DeleteMultipleUsersSteps.java:56)
	at ✽.Click del button below Manage User header.(file:///C:/Users/nsatc/git/Team17_Testing_Squad/src/test/resources/Features/05_06MultipleDeleteUser.feature:17)
</pre></div><a href='#' onClick='toggleBox("stack-trace509912868", this, "Click to show all stack frames", "Click to hide stack frames")'>Click to show all stack frames</a>
<div class='stack-trace' id='stack-trace509912868'><pre>org.openqa.selenium.NoSuchElementException: no such element: Unable to locate element: {&quot;method&quot;:&quot;xpath&quot;,&quot;selector&quot;:&quot;//button[@class=&apos;p-paginator-prev p-paginator-element p-link p-ripple&apos;]&quot;}
  (Session info: chrome=124.0.6367.79)
For documentation on this error, please visit: https://www.selenium.dev/documentation/webdriver/troubleshooting/errors#no-such-element-exception
Build info: version: &apos;4.15.0&apos;, revision: &apos;1d14b5521b&apos;
System info: os.name: &apos;Windows 11&apos;, os.arch: &apos;amd64&apos;, os.version: &apos;10.0&apos;, java.version: &apos;21.0.1&apos;
Driver info: org.openqa.selenium.chrome.ChromeDriver
Command: [507114f9899f50b14034efed007d6bca, findElement {using=xpath, value=//button[@class=&apos;p-paginator-prev p-paginator-element p-link p-ripple&apos;]}]
Capabilities {acceptInsecureCerts: false, browserName: chrome, browserVersion: 124.0.6367.79, chrome: {chromedriverVersion: 124.0.6367.91 (51df0e5e17a8..., userDataDir: C:\Users\nsatc\AppData\Loca...}, fedcm:accounts: true, goog:chromeOptions: {debuggerAddress: localhost:51485}, networkConnectionEnabled: false, pageLoadStrategy: normal, platformName: windows, proxy: Proxy(), se:cdp: ws://localhost:51485/devtoo..., se:cdpVersion: 124.0.6367.79, setWindowRect: true, strictFileInteractability: false, timeouts: {implicit: 0, pageLoad: 300000, script: 30000}, unhandledPromptBehavior: dismiss and notify, webauthn:extension:credBlob: true, webauthn:extension:largeBlob: true, webauthn:extension:minPinLength: true, webauthn:extension:prf: true, webauthn:virtualAuthenticators: true}
Session ID: 507114f9899f50b14034efed007d6bca
	at java.base/jdk.internal.reflect.DirectConstructorHandleAccessor.newInstance(DirectConstructorHandleAccessor.java:62)
	at java.base/java.lang.reflect.Constructor.newInstanceWithCaller(Constructor.java:502)
	at java.base/java.lang.reflect.Constructor.newInstance(Constructor.java:486)
	at org.openqa.selenium.remote.codec.w3c.W3CHttpResponseCodec.createException(W3CHttpResponseCodec.java:200)
	at org.openqa.selenium.remote.codec.w3c.W3CHttpResponseCodec.decode(W3CHttpResponseCodec.java:133)
	at org.openqa.selenium.remote.codec.w3c.W3CHttpResponseCodec.decode(W3CHttpResponseCodec.java:52)
	at org.openqa.selenium.remote.HttpCommandExecutor.execute(HttpCommandExecutor.java:191)
	at org.openqa.selenium.remote.service.DriverCommandExecutor.invokeExecute(DriverCommandExecutor.java:200)
	at org.openqa.selenium.remote.service.DriverCommandExecutor.execute(DriverCommandExecutor.java:175)
	at org.openqa.selenium.remote.RemoteWebDriver.execute(RemoteWebDriver.java:607)
	at org.openqa.selenium.remote.ElementLocation$ElementFinder$2.findElement(ElementLocation.java:165)
	at org.openqa.selenium.remote.ElementLocation.findElement(ElementLocation.java:59)
	at org.openqa.selenium.remote.RemoteWebDriver.findElement(RemoteWebDriver.java:364)
	at org.openqa.selenium.remote.RemoteWebDriver.findElement(RemoteWebDriver.java:358)
	at PageObjects.DeleteMultipleUsers.deletemultirow(DeleteMultipleUsers.java:64)
	at StepDefinitions.DeleteMultipleUsersSteps.click_del_button_below_Manage_User_header(DeleteMultipleUsersSteps.java:56)
	at ✽.Click del button below Manage User header.(file:///C:/Users/nsatc/git/Team17_Testing_Squad/src/test/resources/Features/05_06MultipleDeleteUser.feature:17)
</pre></div></td>
<td>10</td>
<td>Runner.MyTestRunner@7d61eb55</td></tr>
<tr>
<td title='Runner.MyTestRunner.runScenario()'><b>runScenario</b><br>Test class: Runner.MyTestRunner<br>Test method: Runs Cucumber Scenarios<br>Parameters: "Validate login page elements and invalid credentials", "Optional[Home Page Verification]"</td>
<td><div><pre>java.lang.AssertionError: Please enter your username is not displayed and it is displaying the following wrong message Invalid username and password Please try again expected [false] but found [true]
	at org.testng.Assert.fail(Assert.java:110)
	at org.testng.Assert.failNotEquals(Assert.java:1577)
	at org.testng.Assert.assertEqualsImpl(Assert.java:149)
	at org.testng.Assert.assertEquals(Assert.java:131)
	at org.testng.Assert.assertEquals(Assert.java:1066)
	at org.testng.Assert.assertEquals(Assert.java:1030)
	at StepDefinitions.LoginPageSteps.Error_Msg_Validation(LoginPageSteps.java:77)
	at ✽.Admin should see the Error message please check expected &apos;Please enter your username&apos; displays(file:///C:/Users/nsatc/git/Team17_Testing_Squad/src/test/resources/Features/01_Login.feature:28)
</pre></div><a href='#' onClick='toggleBox("stack-trace955652084", this, "Click to show all stack frames", "Click to hide stack frames")'>Click to show all stack frames</a>
<div class='stack-trace' id='stack-trace955652084'><pre>java.lang.AssertionError: Please enter your username is not displayed and it is displaying the following wrong message Invalid username and password Please try again expected [false] but found [true]
	at org.testng.Assert.fail(Assert.java:110)
	at org.testng.Assert.failNotEquals(Assert.java:1577)
	at org.testng.Assert.assertEqualsImpl(Assert.java:149)
	at org.testng.Assert.assertEquals(Assert.java:131)
	at org.testng.Assert.assertEquals(Assert.java:1066)
	at org.testng.Assert.assertEquals(Assert.java:1030)
	at StepDefinitions.LoginPageSteps.Error_Msg_Validation(LoginPageSteps.java:77)
	at ✽.Admin should see the Error message please check expected &apos;Please enter your username&apos; displays(file:///C:/Users/nsatc/git/Team17_Testing_Squad/src/test/resources/Features/01_Login.feature:28)
</pre></div></td>
<td>1</td>
<td>Runner.MyTestRunner@7d61eb55</td></tr>
<tr>
<td title='Runner.MyTestRunner.runScenario()'><b>runScenario</b><br>Test class: Runner.MyTestRunner<br>Test method: Runs Cucumber Scenarios<br>Parameters: "Admin sorts User details by ID", "Optional[Sorting User Details on Manage User Page]"</td>
<td><div><pre>org.openqa.selenium.ElementClickInterceptedException: element click intercepted: Element &lt;button _ngcontent-kfg-c223=&quot;&quot; id=&quot;program&quot; mat-button=&quot;&quot; a=&quot;&quot; routerlink=&quot;/program&quot; class=&quot;mat-focus-indicator mat-button mat-button-base&quot; tabindex=&quot;0&quot;&gt;...&lt;/button&gt; is not clickable at point (1100, 32). Other element would receive the click: &lt;div class=&quot;p-dialog-header ng-tns-c132-6 ng-star-inserted&quot; style=&quot;&quot;&gt;...&lt;/div&gt;
  (Session info: chrome=124.0.6367.79)
Build info: version: &apos;4.15.0&apos;, revision: &apos;1d14b5521b&apos;
System info: os.name: &apos;Windows 11&apos;, os.arch: &apos;amd64&apos;, os.version: &apos;10.0&apos;, java.version: &apos;21.0.1&apos;
Driver info: org.openqa.selenium.chrome.ChromeDriver
Command: [507114f9899f50b14034efed007d6bca, clickElement {id=f.A76F513529D9F04246A80BEDA744734E.d.475E19676F4E6938A94571DAEC481D5C.e.4040}]
Capabilities {acceptInsecureCerts: false, browserName: chrome, browserVersion: 124.0.6367.79, chrome: {chromedriverVersion: 124.0.6367.91 (51df0e5e17a8..., userDataDir: C:\Users\nsatc\AppData\Loca...}, fedcm:accounts: true, goog:chromeOptions: {debuggerAddress: localhost:51485}, networkConnectionEnabled: false, pageLoadStrategy: normal, platformName: windows, proxy: Proxy(), se:cdp: ws://localhost:51485/devtoo..., se:cdpVersion: 124.0.6367.79, setWindowRect: true, strictFileInteractability: false, timeouts: {implicit: 0, pageLoad: 300000, script: 30000}, unhandledPromptBehavior: dismiss and notify, webauthn:extension:credBlob: true, webauthn:extension:largeBlob: true, webauthn:extension:minPinLength: true, webauthn:extension:prf: true, webauthn:virtualAuthenticators: true}
Element: [[ChromeDriver: chrome on windows (507114f9899f50b14034efed007d6bca)] -&gt; id: program]
Session ID: 507114f9899f50b14034efed007d6bca
	at java.base/jdk.internal.reflect.DirectConstructorHandleAccessor.newInstance(DirectConstructorHandleAccessor.java:62)
	at java.base/java.lang.reflect.Constructor.newInstanceWithCaller(Constructor.java:502)
	at java.base/java.lang.reflect.Constructor.newInstance(Constructor.java:486)
	at org.openqa.selenium.remote.codec.w3c.W3CHttpResponseCodec.createException(W3CHttpResponseCodec.java:200)
	at org.openqa.selenium.remote.codec.w3c.W3CHttpResponseCodec.decode(W3CHttpResponseCodec.java:133)
	at org.openqa.selenium.remote.codec.w3c.W3CHttpResponseCodec.decode(W3CHttpResponseCodec.java:52)
	at org.openqa.selenium.remote.HttpCommandExecutor.execute(HttpCommandExecutor.java:191)
	at org.openqa.selenium.remote.service.DriverCommandExecutor.invokeExecute(DriverCommandExecutor.java:200)
	at org.openqa.selenium.remote.service.DriverCommandExecutor.execute(DriverCommandExecutor.java:175)
	at org.openqa.selenium.remote.RemoteWebDriver.execute(RemoteWebDriver.java:607)
	at org.openqa.selenium.remote.RemoteWebElement.execute(RemoteWebElement.java:224)
	at org.openqa.selenium.remote.RemoteWebElement.click(RemoteWebElement.java:77)
	at PageObjects.sortUserPage.clickPrgButton(sortUserPage.java:63)
	at StepDefinitions.SortingUserPageSteps.admin_clicks_on_id_sort_icon(SortingUserPageSteps.java:34)
	at ✽.Admin clicks on ID sort icon(file:///C:/Users/nsatc/git/Team17_Testing_Squad/src/test/resources/Features/05_04sortUser.feature:8)
</pre></div><a href='#' onClick='toggleBox("stack-trace838924005", this, "Click to show all stack frames", "Click to hide stack frames")'>Click to show all stack frames</a>
<div class='stack-trace' id='stack-trace838924005'><pre>org.openqa.selenium.ElementClickInterceptedException: element click intercepted: Element &lt;button _ngcontent-kfg-c223=&quot;&quot; id=&quot;program&quot; mat-button=&quot;&quot; a=&quot;&quot; routerlink=&quot;/program&quot; class=&quot;mat-focus-indicator mat-button mat-button-base&quot; tabindex=&quot;0&quot;&gt;...&lt;/button&gt; is not clickable at point (1100, 32). Other element would receive the click: &lt;div class=&quot;p-dialog-header ng-tns-c132-6 ng-star-inserted&quot; style=&quot;&quot;&gt;...&lt;/div&gt;
  (Session info: chrome=124.0.6367.79)
Build info: version: &apos;4.15.0&apos;, revision: &apos;1d14b5521b&apos;
System info: os.name: &apos;Windows 11&apos;, os.arch: &apos;amd64&apos;, os.version: &apos;10.0&apos;, java.version: &apos;21.0.1&apos;
Driver info: org.openqa.selenium.chrome.ChromeDriver
Command: [507114f9899f50b14034efed007d6bca, clickElement {id=f.A76F513529D9F04246A80BEDA744734E.d.475E19676F4E6938A94571DAEC481D5C.e.4040}]
Capabilities {acceptInsecureCerts: false, browserName: chrome, browserVersion: 124.0.6367.79, chrome: {chromedriverVersion: 124.0.6367.91 (51df0e5e17a8..., userDataDir: C:\Users\nsatc\AppData\Loca...}, fedcm:accounts: true, goog:chromeOptions: {debuggerAddress: localhost:51485}, networkConnectionEnabled: false, pageLoadStrategy: normal, platformName: windows, proxy: Proxy(), se:cdp: ws://localhost:51485/devtoo..., se:cdpVersion: 124.0.6367.79, setWindowRect: true, strictFileInteractability: false, timeouts: {implicit: 0, pageLoad: 300000, script: 30000}, unhandledPromptBehavior: dismiss and notify, webauthn:extension:credBlob: true, webauthn:extension:largeBlob: true, webauthn:extension:minPinLength: true, webauthn:extension:prf: true, webauthn:virtualAuthenticators: true}
Element: [[ChromeDriver: chrome on windows (507114f9899f50b14034efed007d6bca)] -&gt; id: program]
Session ID: 507114f9899f50b14034efed007d6bca
	at java.base/jdk.internal.reflect.DirectConstructorHandleAccessor.newInstance(DirectConstructorHandleAccessor.java:62)
	at java.base/java.lang.reflect.Constructor.newInstanceWithCaller(Constructor.java:502)
	at java.base/java.lang.reflect.Constructor.newInstance(Constructor.java:486)
	at org.openqa.selenium.remote.codec.w3c.W3CHttpResponseCodec.createException(W3CHttpResponseCodec.java:200)
	at org.openqa.selenium.remote.codec.w3c.W3CHttpResponseCodec.decode(W3CHttpResponseCodec.java:133)
	at org.openqa.selenium.remote.codec.w3c.W3CHttpResponseCodec.decode(W3CHttpResponseCodec.java:52)
	at org.openqa.selenium.remote.HttpCommandExecutor.execute(HttpCommandExecutor.java:191)
	at org.openqa.selenium.remote.service.DriverCommandExecutor.invokeExecute(DriverCommandExecutor.java:200)
	at org.openqa.selenium.remote.service.DriverCommandExecutor.execute(DriverCommandExecutor.java:175)
	at org.openqa.selenium.remote.RemoteWebDriver.execute(RemoteWebDriver.java:607)
	at org.openqa.selenium.remote.RemoteWebElement.execute(RemoteWebElement.java:224)
	at org.openqa.selenium.remote.RemoteWebElement.click(RemoteWebElement.java:77)
	at PageObjects.sortUserPage.clickPrgButton(sortUserPage.java:63)
	at StepDefinitions.SortingUserPageSteps.admin_clicks_on_id_sort_icon(SortingUserPageSteps.java:34)
	at ✽.Admin clicks on ID sort icon(file:///C:/Users/nsatc/git/Team17_Testing_Squad/src/test/resources/Features/05_04sortUser.feature:8)
</pre></div></td>
<td>1</td>
<td>Runner.MyTestRunner@7d61eb55</td></tr>
<tr>
<td title='Runner.MyTestRunner.runScenario()'><b>runScenario</b><br>Test class: Runner.MyTestRunner<br>Test method: Runs Cucumber Scenarios<br>Parameters: "Validate Assign Student Popup window", "Optional[Assign Student]"</td>
<td><div><pre>org.openqa.selenium.ElementClickInterceptedException: element click intercepted: Element &lt;span class=&quot;mat-button-wrapper&quot;&gt;...&lt;/span&gt; is not clickable at point (1243, 31). Other element would receive the click: &lt;div class=&quot;ng-tns-c132-6 p-dialog-mask p-component-overlay p-dialog-mask-scrollblocker ng-star-inserted&quot; style=&quot;z-index: 1021;&quot;&gt;...&lt;/div&gt;
  (Session info: chrome=124.0.6367.79)
Build info: version: &apos;4.15.0&apos;, revision: &apos;1d14b5521b&apos;
System info: os.name: &apos;Windows 11&apos;, os.arch: &apos;amd64&apos;, os.version: &apos;10.0&apos;, java.version: &apos;21.0.1&apos;
Driver info: org.openqa.selenium.chrome.ChromeDriver
Command: [507114f9899f50b14034efed007d6bca, clickElement {id=f.A76F513529D9F04246A80BEDA744734E.d.475E19676F4E6938A94571DAEC481D5C.e.4513}]
Capabilities {acceptInsecureCerts: false, browserName: chrome, browserVersion: 124.0.6367.79, chrome: {chromedriverVersion: 124.0.6367.91 (51df0e5e17a8..., userDataDir: C:\Users\nsatc\AppData\Loca...}, fedcm:accounts: true, goog:chromeOptions: {debuggerAddress: localhost:51485}, networkConnectionEnabled: false, pageLoadStrategy: normal, platformName: windows, proxy: Proxy(), se:cdp: ws://localhost:51485/devtoo..., se:cdpVersion: 124.0.6367.79, setWindowRect: true, strictFileInteractability: false, timeouts: {implicit: 0, pageLoad: 300000, script: 30000}, unhandledPromptBehavior: dismiss and notify, webauthn:extension:credBlob: true, webauthn:extension:largeBlob: true, webauthn:extension:minPinLength: true, webauthn:extension:prf: true, webauthn:virtualAuthenticators: true}
Element: [[ChromeDriver: chrome on windows (507114f9899f50b14034efed007d6bca)] -&gt; xpath: //span[normalize-space()=&apos;User&apos;]]
Session ID: 507114f9899f50b14034efed007d6bca
	at java.base/jdk.internal.reflect.DirectConstructorHandleAccessor.newInstance(DirectConstructorHandleAccessor.java:62)
	at java.base/java.lang.reflect.Constructor.newInstanceWithCaller(Constructor.java:502)
	at java.base/java.lang.reflect.Constructor.newInstance(Constructor.java:486)
	at org.openqa.selenium.remote.codec.w3c.W3CHttpResponseCodec.createException(W3CHttpResponseCodec.java:200)
	at org.openqa.selenium.remote.codec.w3c.W3CHttpResponseCodec.decode(W3CHttpResponseCodec.java:133)
	at org.openqa.selenium.remote.codec.w3c.W3CHttpResponseCodec.decode(W3CHttpResponseCodec.java:52)
	at org.openqa.selenium.remote.HttpCommandExecutor.execute(HttpCommandExecutor.java:191)
	at org.openqa.selenium.remote.service.DriverCommandExecutor.invokeExecute(DriverCommandExecutor.java:200)
	at org.openqa.selenium.remote.service.DriverCommandExecutor.execute(DriverCommandExecutor.java:175)
	at org.openqa.selenium.remote.RemoteWebDriver.execute(RemoteWebDriver.java:607)
	at org.openqa.selenium.remote.RemoteWebElement.execute(RemoteWebElement.java:224)
	at org.openqa.selenium.remote.RemoteWebElement.click(RemoteWebElement.java:77)
	at PageObjects.AssignStudentPage.clickOnUserTab(AssignStudentPage.java:36)
	at StepDefinitions.AssignStudentSteps.admin_is_on_manage_user_page(AssignStudentSteps.java:26)
	at ✽.Admin is on Manage User Page.(file:///C:/Users/nsatc/git/Team17_Testing_Squad/src/test/resources/Features/05_07AssignStudentUser.feature:6)
</pre></div><a href='#' onClick='toggleBox("stack-trace1470238276", this, "Click to show all stack frames", "Click to hide stack frames")'>Click to show all stack frames</a>
<div class='stack-trace' id='stack-trace1470238276'><pre>org.openqa.selenium.ElementClickInterceptedException: element click intercepted: Element &lt;span class=&quot;mat-button-wrapper&quot;&gt;...&lt;/span&gt; is not clickable at point (1243, 31). Other element would receive the click: &lt;div class=&quot;ng-tns-c132-6 p-dialog-mask p-component-overlay p-dialog-mask-scrollblocker ng-star-inserted&quot; style=&quot;z-index: 1021;&quot;&gt;...&lt;/div&gt;
  (Session info: chrome=124.0.6367.79)
Build info: version: &apos;4.15.0&apos;, revision: &apos;1d14b5521b&apos;
System info: os.name: &apos;Windows 11&apos;, os.arch: &apos;amd64&apos;, os.version: &apos;10.0&apos;, java.version: &apos;21.0.1&apos;
Driver info: org.openqa.selenium.chrome.ChromeDriver
Command: [507114f9899f50b14034efed007d6bca, clickElement {id=f.A76F513529D9F04246A80BEDA744734E.d.475E19676F4E6938A94571DAEC481D5C.e.4513}]
Capabilities {acceptInsecureCerts: false, browserName: chrome, browserVersion: 124.0.6367.79, chrome: {chromedriverVersion: 124.0.6367.91 (51df0e5e17a8..., userDataDir: C:\Users\nsatc\AppData\Loca...}, fedcm:accounts: true, goog:chromeOptions: {debuggerAddress: localhost:51485}, networkConnectionEnabled: false, pageLoadStrategy: normal, platformName: windows, proxy: Proxy(), se:cdp: ws://localhost:51485/devtoo..., se:cdpVersion: 124.0.6367.79, setWindowRect: true, strictFileInteractability: false, timeouts: {implicit: 0, pageLoad: 300000, script: 30000}, unhandledPromptBehavior: dismiss and notify, webauthn:extension:credBlob: true, webauthn:extension:largeBlob: true, webauthn:extension:minPinLength: true, webauthn:extension:prf: true, webauthn:virtualAuthenticators: true}
Element: [[ChromeDriver: chrome on windows (507114f9899f50b14034efed007d6bca)] -&gt; xpath: //span[normalize-space()=&apos;User&apos;]]
Session ID: 507114f9899f50b14034efed007d6bca
	at java.base/jdk.internal.reflect.DirectConstructorHandleAccessor.newInstance(DirectConstructorHandleAccessor.java:62)
	at java.base/java.lang.reflect.Constructor.newInstanceWithCaller(Constructor.java:502)
	at java.base/java.lang.reflect.Constructor.newInstance(Constructor.java:486)
	at org.openqa.selenium.remote.codec.w3c.W3CHttpResponseCodec.createException(W3CHttpResponseCodec.java:200)
	at org.openqa.selenium.remote.codec.w3c.W3CHttpResponseCodec.decode(W3CHttpResponseCodec.java:133)
	at org.openqa.selenium.remote.codec.w3c.W3CHttpResponseCodec.decode(W3CHttpResponseCodec.java:52)
	at org.openqa.selenium.remote.HttpCommandExecutor.execute(HttpCommandExecutor.java:191)
	at org.openqa.selenium.remote.service.DriverCommandExecutor.invokeExecute(DriverCommandExecutor.java:200)
	at org.openqa.selenium.remote.service.DriverCommandExecutor.execute(DriverCommandExecutor.java:175)
	at org.openqa.selenium.remote.RemoteWebDriver.execute(RemoteWebDriver.java:607)
	at org.openqa.selenium.remote.RemoteWebElement.execute(RemoteWebElement.java:224)
	at org.openqa.selenium.remote.RemoteWebElement.click(RemoteWebElement.java:77)
	at PageObjects.AssignStudentPage.clickOnUserTab(AssignStudentPage.java:36)
	at StepDefinitions.AssignStudentSteps.admin_is_on_manage_user_page(AssignStudentSteps.java:26)
	at ✽.Admin is on Manage User Page.(file:///C:/Users/nsatc/git/Team17_Testing_Squad/src/test/resources/Features/05_07AssignStudentUser.feature:6)
</pre></div></td>
<td>3</td>
<td>Runner.MyTestRunner@7d61eb55</td></tr>
<tr>
<td title='Runner.MyTestRunner.runScenario()'><b>runScenario</b><br>Test class: Runner.MyTestRunner<br>Test method: Runs Cucumber Scenarios<br>Parameters: "Check for single row delete.", "Optional[Delete Multiple Users]"</td>
<td><div><pre>org.openqa.selenium.ElementClickInterceptedException: element click intercepted: Element &lt;div role=&quot;checkbox&quot; aria-checked=&quot;false&quot; class=&quot;p-checkbox-box p-component&quot;&gt;...&lt;/div&gt; is not clickable at point (178, 279). Other element would receive the click: &lt;div class=&quot;ng-tns-c132-6 p-dialog-mask p-component-overlay p-dialog-mask-scrollblocker ng-star-inserted&quot; style=&quot;z-index: 1021;&quot;&gt;...&lt;/div&gt;
  (Session info: chrome=124.0.6367.79)
Build info: version: &apos;4.15.0&apos;, revision: &apos;1d14b5521b&apos;
System info: os.name: &apos;Windows 11&apos;, os.arch: &apos;amd64&apos;, os.version: &apos;10.0&apos;, java.version: &apos;21.0.1&apos;
Driver info: org.openqa.selenium.chrome.ChromeDriver
Command: [507114f9899f50b14034efed007d6bca, clickElement {id=f.A76F513529D9F04246A80BEDA744734E.d.475E19676F4E6938A94571DAEC481D5C.e.4515}]
Capabilities {acceptInsecureCerts: false, browserName: chrome, browserVersion: 124.0.6367.79, chrome: {chromedriverVersion: 124.0.6367.91 (51df0e5e17a8..., userDataDir: C:\Users\nsatc\AppData\Loca...}, fedcm:accounts: true, goog:chromeOptions: {debuggerAddress: localhost:51485}, networkConnectionEnabled: false, pageLoadStrategy: normal, platformName: windows, proxy: Proxy(), se:cdp: ws://localhost:51485/devtoo..., se:cdpVersion: 124.0.6367.79, setWindowRect: true, strictFileInteractability: false, timeouts: {implicit: 0, pageLoad: 300000, script: 30000}, unhandledPromptBehavior: dismiss and notify, webauthn:extension:credBlob: true, webauthn:extension:largeBlob: true, webauthn:extension:minPinLength: true, webauthn:extension:prf: true, webauthn:virtualAuthenticators: true}
Element: [[ChromeDriver: chrome on windows (507114f9899f50b14034efed007d6bca)] -&gt; xpath: //tbody/tr[1]/td[1]/p-tablecheckbox[1]/div[1]/div[2]]
Session ID: 507114f9899f50b14034efed007d6bca
	at java.base/jdk.internal.reflect.DirectConstructorHandleAccessor.newInstance(DirectConstructorHandleAccessor.java:62)
	at java.base/java.lang.reflect.Constructor.newInstanceWithCaller(Constructor.java:502)
	at java.base/java.lang.reflect.Constructor.newInstance(Constructor.java:486)
	at org.openqa.selenium.remote.codec.w3c.W3CHttpResponseCodec.createException(W3CHttpResponseCodec.java:200)
	at org.openqa.selenium.remote.codec.w3c.W3CHttpResponseCodec.decode(W3CHttpResponseCodec.java:133)
	at org.openqa.selenium.remote.codec.w3c.W3CHttpResponseCodec.decode(W3CHttpResponseCodec.java:52)
	at org.openqa.selenium.remote.HttpCommandExecutor.execute(HttpCommandExecutor.java:191)
	at org.openqa.selenium.remote.service.DriverCommandExecutor.invokeExecute(DriverCommandExecutor.java:200)
	at org.openqa.selenium.remote.service.DriverCommandExecutor.execute(DriverCommandExecutor.java:175)
	at org.openqa.selenium.remote.RemoteWebDriver.execute(RemoteWebDriver.java:607)
	at org.openqa.selenium.remote.RemoteWebElement.execute(RemoteWebElement.java:224)
	at org.openqa.selenium.remote.RemoteWebElement.click(RemoteWebElement.java:77)
	at PageObjects.DeleteMultipleUsers.clicksingleicon(DeleteMultipleUsers.java:47)
	at StepDefinitions.DeleteMultipleUsersSteps.One_checkbox_is_selected(DeleteMultipleUsersSteps.java:35)
	at ✽.One checkbox is selected.(file:///C:/Users/nsatc/git/Team17_Testing_Squad/src/test/resources/Features/05_06MultipleDeleteUser.feature:10)
</pre></div><a href='#' onClick='toggleBox("stack-trace1952541133", this, "Click to show all stack frames", "Click to hide stack frames")'>Click to show all stack frames</a>
<div class='stack-trace' id='stack-trace1952541133'><pre>org.openqa.selenium.ElementClickInterceptedException: element click intercepted: Element &lt;div role=&quot;checkbox&quot; aria-checked=&quot;false&quot; class=&quot;p-checkbox-box p-component&quot;&gt;...&lt;/div&gt; is not clickable at point (178, 279). Other element would receive the click: &lt;div class=&quot;ng-tns-c132-6 p-dialog-mask p-component-overlay p-dialog-mask-scrollblocker ng-star-inserted&quot; style=&quot;z-index: 1021;&quot;&gt;...&lt;/div&gt;
  (Session info: chrome=124.0.6367.79)
Build info: version: &apos;4.15.0&apos;, revision: &apos;1d14b5521b&apos;
System info: os.name: &apos;Windows 11&apos;, os.arch: &apos;amd64&apos;, os.version: &apos;10.0&apos;, java.version: &apos;21.0.1&apos;
Driver info: org.openqa.selenium.chrome.ChromeDriver
Command: [507114f9899f50b14034efed007d6bca, clickElement {id=f.A76F513529D9F04246A80BEDA744734E.d.475E19676F4E6938A94571DAEC481D5C.e.4515}]
Capabilities {acceptInsecureCerts: false, browserName: chrome, browserVersion: 124.0.6367.79, chrome: {chromedriverVersion: 124.0.6367.91 (51df0e5e17a8..., userDataDir: C:\Users\nsatc\AppData\Loca...}, fedcm:accounts: true, goog:chromeOptions: {debuggerAddress: localhost:51485}, networkConnectionEnabled: false, pageLoadStrategy: normal, platformName: windows, proxy: Proxy(), se:cdp: ws://localhost:51485/devtoo..., se:cdpVersion: 124.0.6367.79, setWindowRect: true, strictFileInteractability: false, timeouts: {implicit: 0, pageLoad: 300000, script: 30000}, unhandledPromptBehavior: dismiss and notify, webauthn:extension:credBlob: true, webauthn:extension:largeBlob: true, webauthn:extension:minPinLength: true, webauthn:extension:prf: true, webauthn:virtualAuthenticators: true}
Element: [[ChromeDriver: chrome on windows (507114f9899f50b14034efed007d6bca)] -&gt; xpath: //tbody/tr[1]/td[1]/p-tablecheckbox[1]/div[1]/div[2]]
Session ID: 507114f9899f50b14034efed007d6bca
	at java.base/jdk.internal.reflect.DirectConstructorHandleAccessor.newInstance(DirectConstructorHandleAccessor.java:62)
	at java.base/java.lang.reflect.Constructor.newInstanceWithCaller(Constructor.java:502)
	at java.base/java.lang.reflect.Constructor.newInstance(Constructor.java:486)
	at org.openqa.selenium.remote.codec.w3c.W3CHttpResponseCodec.createException(W3CHttpResponseCodec.java:200)
	at org.openqa.selenium.remote.codec.w3c.W3CHttpResponseCodec.decode(W3CHttpResponseCodec.java:133)
	at org.openqa.selenium.remote.codec.w3c.W3CHttpResponseCodec.decode(W3CHttpResponseCodec.java:52)
	at org.openqa.selenium.remote.HttpCommandExecutor.execute(HttpCommandExecutor.java:191)
	at org.openqa.selenium.remote.service.DriverCommandExecutor.invokeExecute(DriverCommandExecutor.java:200)
	at org.openqa.selenium.remote.service.DriverCommandExecutor.execute(DriverCommandExecutor.java:175)
	at org.openqa.selenium.remote.RemoteWebDriver.execute(RemoteWebDriver.java:607)
	at org.openqa.selenium.remote.RemoteWebElement.execute(RemoteWebElement.java:224)
	at org.openqa.selenium.remote.RemoteWebElement.click(RemoteWebElement.java:77)
	at PageObjects.DeleteMultipleUsers.clicksingleicon(DeleteMultipleUsers.java:47)
	at StepDefinitions.DeleteMultipleUsersSteps.One_checkbox_is_selected(DeleteMultipleUsersSteps.java:35)
	at ✽.One checkbox is selected.(file:///C:/Users/nsatc/git/Team17_Testing_Squad/src/test/resources/Features/05_06MultipleDeleteUser.feature:10)
</pre></div></td>
<td>1</td>
<td>Runner.MyTestRunner@7d61eb55</td></tr>
<tr>
<td title='Runner.MyTestRunner.runScenario()'><b>runScenario</b><br>Test class: Runner.MyTestRunner<br>Test method: Runs Cucumber Scenarios<br>Parameters: "Validate Assign Staff Popup window", "Optional[Assign Staff]"</td>
<td><div><pre>org.openqa.selenium.ElementClickInterceptedException: element click intercepted: Element &lt;button _ngcontent-kfg-c223=&quot;&quot; id=&quot;user&quot; mat-button=&quot;&quot; a=&quot;&quot; routerlink=&quot;/user&quot; class=&quot;mat-focus-indicator mat-button mat-button-base&quot; tabindex=&quot;0&quot;&gt;...&lt;/button&gt; is not clickable at point (1243, 32). Other element would receive the click: &lt;div class=&quot;ng-tns-c132-6 p-dialog-mask p-component-overlay p-dialog-mask-scrollblocker ng-star-inserted&quot; style=&quot;z-index: 1021;&quot;&gt;...&lt;/div&gt;
  (Session info: chrome=124.0.6367.79)
Build info: version: &apos;4.15.0&apos;, revision: &apos;1d14b5521b&apos;
System info: os.name: &apos;Windows 11&apos;, os.arch: &apos;amd64&apos;, os.version: &apos;10.0&apos;, java.version: &apos;21.0.1&apos;
Driver info: org.openqa.selenium.chrome.ChromeDriver
Command: [507114f9899f50b14034efed007d6bca, clickElement {id=f.A76F513529D9F04246A80BEDA744734E.d.475E19676F4E6938A94571DAEC481D5C.e.4035}]
Capabilities {acceptInsecureCerts: false, browserName: chrome, browserVersion: 124.0.6367.79, chrome: {chromedriverVersion: 124.0.6367.91 (51df0e5e17a8..., userDataDir: C:\Users\nsatc\AppData\Loca...}, fedcm:accounts: true, goog:chromeOptions: {debuggerAddress: localhost:51485}, networkConnectionEnabled: false, pageLoadStrategy: normal, platformName: windows, proxy: Proxy(), se:cdp: ws://localhost:51485/devtoo..., se:cdpVersion: 124.0.6367.79, setWindowRect: true, strictFileInteractability: false, timeouts: {implicit: 0, pageLoad: 300000, script: 30000}, unhandledPromptBehavior: dismiss and notify, webauthn:extension:credBlob: true, webauthn:extension:largeBlob: true, webauthn:extension:minPinLength: true, webauthn:extension:prf: true, webauthn:virtualAuthenticators: true}
Element: [[ChromeDriver: chrome on windows (507114f9899f50b14034efed007d6bca)] -&gt; id: user]
Session ID: 507114f9899f50b14034efed007d6bca
	at java.base/jdk.internal.reflect.DirectConstructorHandleAccessor.newInstance(DirectConstructorHandleAccessor.java:62)
	at java.base/java.lang.reflect.Constructor.newInstanceWithCaller(Constructor.java:502)
	at java.base/java.lang.reflect.Constructor.newInstance(Constructor.java:486)
	at org.openqa.selenium.remote.codec.w3c.W3CHttpResponseCodec.createException(W3CHttpResponseCodec.java:200)
	at org.openqa.selenium.remote.codec.w3c.W3CHttpResponseCodec.decode(W3CHttpResponseCodec.java:133)
	at org.openqa.selenium.remote.codec.w3c.W3CHttpResponseCodec.decode(W3CHttpResponseCodec.java:52)
	at org.openqa.selenium.remote.HttpCommandExecutor.execute(HttpCommandExecutor.java:191)
	at org.openqa.selenium.remote.service.DriverCommandExecutor.invokeExecute(DriverCommandExecutor.java:200)
	at org.openqa.selenium.remote.service.DriverCommandExecutor.execute(DriverCommandExecutor.java:175)
	at org.openqa.selenium.remote.RemoteWebDriver.execute(RemoteWebDriver.java:607)
	at org.openqa.selenium.remote.RemoteWebElement.execute(RemoteWebElement.java:224)
	at org.openqa.selenium.remote.RemoteWebElement.click(RemoteWebElement.java:77)
	at PageObjects.AssignStaffPage.clickOnUserTab(AssignStaffPage.java:29)
	at StepDefinitions.AssignStaffSteps.admin_is_on_User_page(AssignStaffSteps.java:26)
	at ✽.Admin is on User Page..(file:///C:/Users/nsatc/git/Team17_Testing_Squad/src/test/resources/Features/05_08AssignStaffUser.feature:6)
</pre></div><a href='#' onClick='toggleBox("stack-trace257884050", this, "Click to show all stack frames", "Click to hide stack frames")'>Click to show all stack frames</a>
<div class='stack-trace' id='stack-trace257884050'><pre>org.openqa.selenium.ElementClickInterceptedException: element click intercepted: Element &lt;button _ngcontent-kfg-c223=&quot;&quot; id=&quot;user&quot; mat-button=&quot;&quot; a=&quot;&quot; routerlink=&quot;/user&quot; class=&quot;mat-focus-indicator mat-button mat-button-base&quot; tabindex=&quot;0&quot;&gt;...&lt;/button&gt; is not clickable at point (1243, 32). Other element would receive the click: &lt;div class=&quot;ng-tns-c132-6 p-dialog-mask p-component-overlay p-dialog-mask-scrollblocker ng-star-inserted&quot; style=&quot;z-index: 1021;&quot;&gt;...&lt;/div&gt;
  (Session info: chrome=124.0.6367.79)
Build info: version: &apos;4.15.0&apos;, revision: &apos;1d14b5521b&apos;
System info: os.name: &apos;Windows 11&apos;, os.arch: &apos;amd64&apos;, os.version: &apos;10.0&apos;, java.version: &apos;21.0.1&apos;
Driver info: org.openqa.selenium.chrome.ChromeDriver
Command: [507114f9899f50b14034efed007d6bca, clickElement {id=f.A76F513529D9F04246A80BEDA744734E.d.475E19676F4E6938A94571DAEC481D5C.e.4035}]
Capabilities {acceptInsecureCerts: false, browserName: chrome, browserVersion: 124.0.6367.79, chrome: {chromedriverVersion: 124.0.6367.91 (51df0e5e17a8..., userDataDir: C:\Users\nsatc\AppData\Loca...}, fedcm:accounts: true, goog:chromeOptions: {debuggerAddress: localhost:51485}, networkConnectionEnabled: false, pageLoadStrategy: normal, platformName: windows, proxy: Proxy(), se:cdp: ws://localhost:51485/devtoo..., se:cdpVersion: 124.0.6367.79, setWindowRect: true, strictFileInteractability: false, timeouts: {implicit: 0, pageLoad: 300000, script: 30000}, unhandledPromptBehavior: dismiss and notify, webauthn:extension:credBlob: true, webauthn:extension:largeBlob: true, webauthn:extension:minPinLength: true, webauthn:extension:prf: true, webauthn:virtualAuthenticators: true}
Element: [[ChromeDriver: chrome on windows (507114f9899f50b14034efed007d6bca)] -&gt; id: user]
Session ID: 507114f9899f50b14034efed007d6bca
	at java.base/jdk.internal.reflect.DirectConstructorHandleAccessor.newInstance(DirectConstructorHandleAccessor.java:62)
	at java.base/java.lang.reflect.Constructor.newInstanceWithCaller(Constructor.java:502)
	at java.base/java.lang.reflect.Constructor.newInstance(Constructor.java:486)
	at org.openqa.selenium.remote.codec.w3c.W3CHttpResponseCodec.createException(W3CHttpResponseCodec.java:200)
	at org.openqa.selenium.remote.codec.w3c.W3CHttpResponseCodec.decode(W3CHttpResponseCodec.java:133)
	at org.openqa.selenium.remote.codec.w3c.W3CHttpResponseCodec.decode(W3CHttpResponseCodec.java:52)
	at org.openqa.selenium.remote.HttpCommandExecutor.execute(HttpCommandExecutor.java:191)
	at org.openqa.selenium.remote.service.DriverCommandExecutor.invokeExecute(DriverCommandExecutor.java:200)
	at org.openqa.selenium.remote.service.DriverCommandExecutor.execute(DriverCommandExecutor.java:175)
	at org.openqa.selenium.remote.RemoteWebDriver.execute(RemoteWebDriver.java:607)
	at org.openqa.selenium.remote.RemoteWebElement.execute(RemoteWebElement.java:224)
	at org.openqa.selenium.remote.RemoteWebElement.click(RemoteWebElement.java:77)
	at PageObjects.AssignStaffPage.clickOnUserTab(AssignStaffPage.java:29)
	at StepDefinitions.AssignStaffSteps.admin_is_on_User_page(AssignStaffSteps.java:26)
	at ✽.Admin is on User Page..(file:///C:/Users/nsatc/git/Team17_Testing_Squad/src/test/resources/Features/05_08AssignStaffUser.feature:6)
</pre></div></td>
<td>5</td>
<td>Runner.MyTestRunner@7d61eb55</td></tr>
<tr>
<td title='Runner.MyTestRunner.runScenario()'><b>runScenario</b><br>Test class: Runner.MyTestRunner<br>Test method: Runs Cucumber Scenarios<br>Parameters: "Search user by name", "Optional[User page validation]"</td>
<td><div><pre>org.openqa.selenium.NoSuchElementException: no such element: Unable to locate element: {&quot;method&quot;:&quot;xpath&quot;,&quot;selector&quot;:&quot;//td[normalize-space()=&apos;Testing Squad&apos;]&quot;}
  (Session info: chrome=124.0.6367.79)
For documentation on this error, please visit: https://www.selenium.dev/documentation/webdriver/troubleshooting/errors#no-such-element-exception
Build info: version: &apos;4.15.0&apos;, revision: &apos;1d14b5521b&apos;
System info: os.name: &apos;Windows 11&apos;, os.arch: &apos;amd64&apos;, os.version: &apos;10.0&apos;, java.version: &apos;21.0.1&apos;
Driver info: org.openqa.selenium.chrome.ChromeDriver
Command: [507114f9899f50b14034efed007d6bca, findElement {using=xpath, value=//td[normalize-space()=&apos;Testing Squad&apos;]}]
Capabilities {acceptInsecureCerts: false, browserName: chrome, browserVersion: 124.0.6367.79, chrome: {chromedriverVersion: 124.0.6367.91 (51df0e5e17a8..., userDataDir: C:\Users\nsatc\AppData\Loca...}, fedcm:accounts: true, goog:chromeOptions: {debuggerAddress: localhost:51485}, networkConnectionEnabled: false, pageLoadStrategy: normal, platformName: windows, proxy: Proxy(), se:cdp: ws://localhost:51485/devtoo..., se:cdpVersion: 124.0.6367.79, setWindowRect: true, strictFileInteractability: false, timeouts: {implicit: 0, pageLoad: 300000, script: 30000}, unhandledPromptBehavior: dismiss and notify, webauthn:extension:credBlob: true, webauthn:extension:largeBlob: true, webauthn:extension:minPinLength: true, webauthn:extension:prf: true, webauthn:virtualAuthenticators: true}
Session ID: 507114f9899f50b14034efed007d6bca
	at java.base/jdk.internal.reflect.DirectConstructorHandleAccessor.newInstance(DirectConstructorHandleAccessor.java:62)
	at java.base/java.lang.reflect.Constructor.newInstanceWithCaller(Constructor.java:502)
	at java.base/java.lang.reflect.Constructor.newInstance(Constructor.java:486)
	at org.openqa.selenium.remote.codec.w3c.W3CHttpResponseCodec.createException(W3CHttpResponseCodec.java:200)
	at org.openqa.selenium.remote.codec.w3c.W3CHttpResponseCodec.decode(W3CHttpResponseCodec.java:133)
	at org.openqa.selenium.remote.codec.w3c.W3CHttpResponseCodec.decode(W3CHttpResponseCodec.java:52)
	at org.openqa.selenium.remote.HttpCommandExecutor.execute(HttpCommandExecutor.java:191)
	at org.openqa.selenium.remote.service.DriverCommandExecutor.invokeExecute(DriverCommandExecutor.java:200)
	at org.openqa.selenium.remote.service.DriverCommandExecutor.execute(DriverCommandExecutor.java:175)
	at org.openqa.selenium.remote.RemoteWebDriver.execute(RemoteWebDriver.java:607)
	at org.openqa.selenium.remote.ElementLocation$ElementFinder$2.findElement(ElementLocation.java:165)
	at org.openqa.selenium.remote.ElementLocation.findElement(ElementLocation.java:59)
	at org.openqa.selenium.remote.RemoteWebDriver.findElement(RemoteWebDriver.java:364)
	at org.openqa.selenium.remote.RemoteWebDriver.findElement(RemoteWebDriver.java:358)
	at PageObjects.userPage.searchedValidUser(userPage.java:196)
	at StepDefinitions.UserPageSteps.admin_should_see_user_displayed_with_the_entered_name(UserPageSteps.java:191)
	at ✽.Admin should see user displayed with the entered name(file:///C:/Users/nsatc/git/Team17_Testing_Squad/src/test/resources/Features/05_01user.feature:46)
</pre></div><a href='#' onClick='toggleBox("stack-trace1403113457", this, "Click to show all stack frames", "Click to hide stack frames")'>Click to show all stack frames</a>
<div class='stack-trace' id='stack-trace1403113457'><pre>org.openqa.selenium.NoSuchElementException: no such element: Unable to locate element: {&quot;method&quot;:&quot;xpath&quot;,&quot;selector&quot;:&quot;//td[normalize-space()=&apos;Testing Squad&apos;]&quot;}
  (Session info: chrome=124.0.6367.79)
For documentation on this error, please visit: https://www.selenium.dev/documentation/webdriver/troubleshooting/errors#no-such-element-exception
Build info: version: &apos;4.15.0&apos;, revision: &apos;1d14b5521b&apos;
System info: os.name: &apos;Windows 11&apos;, os.arch: &apos;amd64&apos;, os.version: &apos;10.0&apos;, java.version: &apos;21.0.1&apos;
Driver info: org.openqa.selenium.chrome.ChromeDriver
Command: [507114f9899f50b14034efed007d6bca, findElement {using=xpath, value=//td[normalize-space()=&apos;Testing Squad&apos;]}]
Capabilities {acceptInsecureCerts: false, browserName: chrome, browserVersion: 124.0.6367.79, chrome: {chromedriverVersion: 124.0.6367.91 (51df0e5e17a8..., userDataDir: C:\Users\nsatc\AppData\Loca...}, fedcm:accounts: true, goog:chromeOptions: {debuggerAddress: localhost:51485}, networkConnectionEnabled: false, pageLoadStrategy: normal, platformName: windows, proxy: Proxy(), se:cdp: ws://localhost:51485/devtoo..., se:cdpVersion: 124.0.6367.79, setWindowRect: true, strictFileInteractability: false, timeouts: {implicit: 0, pageLoad: 300000, script: 30000}, unhandledPromptBehavior: dismiss and notify, webauthn:extension:credBlob: true, webauthn:extension:largeBlob: true, webauthn:extension:minPinLength: true, webauthn:extension:prf: true, webauthn:virtualAuthenticators: true}
Session ID: 507114f9899f50b14034efed007d6bca
	at java.base/jdk.internal.reflect.DirectConstructorHandleAccessor.newInstance(DirectConstructorHandleAccessor.java:62)
	at java.base/java.lang.reflect.Constructor.newInstanceWithCaller(Constructor.java:502)
	at java.base/java.lang.reflect.Constructor.newInstance(Constructor.java:486)
	at org.openqa.selenium.remote.codec.w3c.W3CHttpResponseCodec.createException(W3CHttpResponseCodec.java:200)
	at org.openqa.selenium.remote.codec.w3c.W3CHttpResponseCodec.decode(W3CHttpResponseCodec.java:133)
	at org.openqa.selenium.remote.codec.w3c.W3CHttpResponseCodec.decode(W3CHttpResponseCodec.java:52)
	at org.openqa.selenium.remote.HttpCommandExecutor.execute(HttpCommandExecutor.java:191)
	at org.openqa.selenium.remote.service.DriverCommandExecutor.invokeExecute(DriverCommandExecutor.java:200)
	at org.openqa.selenium.remote.service.DriverCommandExecutor.execute(DriverCommandExecutor.java:175)
	at org.openqa.selenium.remote.RemoteWebDriver.execute(RemoteWebDriver.java:607)
	at org.openqa.selenium.remote.ElementLocation$ElementFinder$2.findElement(ElementLocation.java:165)
	at org.openqa.selenium.remote.ElementLocation.findElement(ElementLocation.java:59)
	at org.openqa.selenium.remote.RemoteWebDriver.findElement(RemoteWebDriver.java:364)
	at org.openqa.selenium.remote.RemoteWebDriver.findElement(RemoteWebDriver.java:358)
	at PageObjects.userPage.searchedValidUser(userPage.java:196)
	at StepDefinitions.UserPageSteps.admin_should_see_user_displayed_with_the_entered_name(UserPageSteps.java:191)
	at ✽.Admin should see user displayed with the entered name(file:///C:/Users/nsatc/git/Team17_Testing_Squad/src/test/resources/Features/05_01user.feature:46)
</pre></div></td>
<td>5</td>
<td>Runner.MyTestRunner@7d61eb55</td></tr>
<tr>
<td title='Runner.MyTestRunner.runScenario()'><b>runScenario</b><br>Test class: Runner.MyTestRunner<br>Test method: Runs Cucumber Scenarios<br>Parameters: "Validate row level delete icon", "Optional[Delete User]"</td>
<td><div><pre>org.openqa.selenium.ElementClickInterceptedException: element click intercepted: Element &lt;span class=&quot;mat-button-wrapper&quot;&gt;...&lt;/span&gt; is not clickable at point (1243, 31). Other element would receive the click: &lt;div class=&quot;ng-tns-c132-6 p-dialog-mask p-component-overlay p-dialog-mask-scrollblocker ng-star-inserted&quot; style=&quot;z-index: 1021;&quot;&gt;...&lt;/div&gt;
  (Session info: chrome=124.0.6367.79)
Build info: version: &apos;4.15.0&apos;, revision: &apos;1d14b5521b&apos;
System info: os.name: &apos;Windows 11&apos;, os.arch: &apos;amd64&apos;, os.version: &apos;10.0&apos;, java.version: &apos;21.0.1&apos;
Driver info: org.openqa.selenium.chrome.ChromeDriver
Command: [507114f9899f50b14034efed007d6bca, clickElement {id=f.A76F513529D9F04246A80BEDA744734E.d.475E19676F4E6938A94571DAEC481D5C.e.4513}]
Capabilities {acceptInsecureCerts: false, browserName: chrome, browserVersion: 124.0.6367.79, chrome: {chromedriverVersion: 124.0.6367.91 (51df0e5e17a8..., userDataDir: C:\Users\nsatc\AppData\Loca...}, fedcm:accounts: true, goog:chromeOptions: {debuggerAddress: localhost:51485}, networkConnectionEnabled: false, pageLoadStrategy: normal, platformName: windows, proxy: Proxy(), se:cdp: ws://localhost:51485/devtoo..., se:cdpVersion: 124.0.6367.79, setWindowRect: true, strictFileInteractability: false, timeouts: {implicit: 0, pageLoad: 300000, script: 30000}, unhandledPromptBehavior: dismiss and notify, webauthn:extension:credBlob: true, webauthn:extension:largeBlob: true, webauthn:extension:minPinLength: true, webauthn:extension:prf: true, webauthn:virtualAuthenticators: true}
Element: [[ChromeDriver: chrome on windows (507114f9899f50b14034efed007d6bca)] -&gt; xpath: //span[normalize-space()=&apos;User&apos;]]
Session ID: 507114f9899f50b14034efed007d6bca
	at java.base/jdk.internal.reflect.DirectConstructorHandleAccessor.newInstance(DirectConstructorHandleAccessor.java:62)
	at java.base/java.lang.reflect.Constructor.newInstanceWithCaller(Constructor.java:502)
	at java.base/java.lang.reflect.Constructor.newInstance(Constructor.java:486)
	at org.openqa.selenium.remote.codec.w3c.W3CHttpResponseCodec.createException(W3CHttpResponseCodec.java:200)
	at org.openqa.selenium.remote.codec.w3c.W3CHttpResponseCodec.decode(W3CHttpResponseCodec.java:133)
	at org.openqa.selenium.remote.codec.w3c.W3CHttpResponseCodec.decode(W3CHttpResponseCodec.java:52)
	at org.openqa.selenium.remote.HttpCommandExecutor.execute(HttpCommandExecutor.java:191)
	at org.openqa.selenium.remote.service.DriverCommandExecutor.invokeExecute(DriverCommandExecutor.java:200)
	at org.openqa.selenium.remote.service.DriverCommandExecutor.execute(DriverCommandExecutor.java:175)
	at org.openqa.selenium.remote.RemoteWebDriver.execute(RemoteWebDriver.java:607)
	at org.openqa.selenium.remote.RemoteWebElement.execute(RemoteWebElement.java:224)
	at org.openqa.selenium.remote.RemoteWebElement.click(RemoteWebElement.java:77)
	at PageObjects.DeleteUser.clickOnUserTab(DeleteUser.java:30)
	at StepDefinitions.DeleteUserStepss.the_delete_icon_on_row_level_in_data_table_is_enabled(DeleteUserStepss.java:26)
	at ✽.The delete icon on row level in data table is enabled.(file:///C:/Users/nsatc/git/Team17_Testing_Squad/src/test/resources/Features/05_05DeleteUser.feature:8)
</pre></div><a href='#' onClick='toggleBox("stack-trace217589224", this, "Click to show all stack frames", "Click to hide stack frames")'>Click to show all stack frames</a>
<div class='stack-trace' id='stack-trace217589224'><pre>org.openqa.selenium.ElementClickInterceptedException: element click intercepted: Element &lt;span class=&quot;mat-button-wrapper&quot;&gt;...&lt;/span&gt; is not clickable at point (1243, 31). Other element would receive the click: &lt;div class=&quot;ng-tns-c132-6 p-dialog-mask p-component-overlay p-dialog-mask-scrollblocker ng-star-inserted&quot; style=&quot;z-index: 1021;&quot;&gt;...&lt;/div&gt;
  (Session info: chrome=124.0.6367.79)
Build info: version: &apos;4.15.0&apos;, revision: &apos;1d14b5521b&apos;
System info: os.name: &apos;Windows 11&apos;, os.arch: &apos;amd64&apos;, os.version: &apos;10.0&apos;, java.version: &apos;21.0.1&apos;
Driver info: org.openqa.selenium.chrome.ChromeDriver
Command: [507114f9899f50b14034efed007d6bca, clickElement {id=f.A76F513529D9F04246A80BEDA744734E.d.475E19676F4E6938A94571DAEC481D5C.e.4513}]
Capabilities {acceptInsecureCerts: false, browserName: chrome, browserVersion: 124.0.6367.79, chrome: {chromedriverVersion: 124.0.6367.91 (51df0e5e17a8..., userDataDir: C:\Users\nsatc\AppData\Loca...}, fedcm:accounts: true, goog:chromeOptions: {debuggerAddress: localhost:51485}, networkConnectionEnabled: false, pageLoadStrategy: normal, platformName: windows, proxy: Proxy(), se:cdp: ws://localhost:51485/devtoo..., se:cdpVersion: 124.0.6367.79, setWindowRect: true, strictFileInteractability: false, timeouts: {implicit: 0, pageLoad: 300000, script: 30000}, unhandledPromptBehavior: dismiss and notify, webauthn:extension:credBlob: true, webauthn:extension:largeBlob: true, webauthn:extension:minPinLength: true, webauthn:extension:prf: true, webauthn:virtualAuthenticators: true}
Element: [[ChromeDriver: chrome on windows (507114f9899f50b14034efed007d6bca)] -&gt; xpath: //span[normalize-space()=&apos;User&apos;]]
Session ID: 507114f9899f50b14034efed007d6bca
	at java.base/jdk.internal.reflect.DirectConstructorHandleAccessor.newInstance(DirectConstructorHandleAccessor.java:62)
	at java.base/java.lang.reflect.Constructor.newInstanceWithCaller(Constructor.java:502)
	at java.base/java.lang.reflect.Constructor.newInstance(Constructor.java:486)
	at org.openqa.selenium.remote.codec.w3c.W3CHttpResponseCodec.createException(W3CHttpResponseCodec.java:200)
	at org.openqa.selenium.remote.codec.w3c.W3CHttpResponseCodec.decode(W3CHttpResponseCodec.java:133)
	at org.openqa.selenium.remote.codec.w3c.W3CHttpResponseCodec.decode(W3CHttpResponseCodec.java:52)
	at org.openqa.selenium.remote.HttpCommandExecutor.execute(HttpCommandExecutor.java:191)
	at org.openqa.selenium.remote.service.DriverCommandExecutor.invokeExecute(DriverCommandExecutor.java:200)
	at org.openqa.selenium.remote.service.DriverCommandExecutor.execute(DriverCommandExecutor.java:175)
	at org.openqa.selenium.remote.RemoteWebDriver.execute(RemoteWebDriver.java:607)
	at org.openqa.selenium.remote.RemoteWebElement.execute(RemoteWebElement.java:224)
	at org.openqa.selenium.remote.RemoteWebElement.click(RemoteWebElement.java:77)
	at PageObjects.DeleteUser.clickOnUserTab(DeleteUser.java:30)
	at StepDefinitions.DeleteUserStepss.the_delete_icon_on_row_level_in_data_table_is_enabled(DeleteUserStepss.java:26)
	at ✽.The delete icon on row level in data table is enabled.(file:///C:/Users/nsatc/git/Team17_Testing_Squad/src/test/resources/Features/05_05DeleteUser.feature:8)
</pre></div></td>
<td>3</td>
<td>Runner.MyTestRunner@7d61eb55</td></tr>
<tr>
<td title='Runner.MyTestRunner.runScenario()'><b>runScenario</b><br>Test class: Runner.MyTestRunner<br>Test method: Runs Cucumber Scenarios<br>Parameters: "Admin sorts User details by Name", "Optional[Sorting User Details on Manage User Page]"</td>
<td><div><pre>org.openqa.selenium.ElementClickInterceptedException: element click intercepted: Element &lt;th _ngcontent-kfg-c153=&quot;&quot; psortablecolumn=&quot;userFirstName&quot; style=&quot;width: 10rem;&quot; tabindex=&quot;0&quot; role=&quot;columnheader&quot; aria-sort=&quot;none&quot; class=&quot;p-sortable-column&quot;&gt;...&lt;/th&gt; is not clickable at point (417, 218). Other element would receive the click: &lt;input _ngcontent-kfg-c153=&quot;&quot; matinput=&quot;&quot; type=&quot;email&quot; placeholder=&quot;Email address&quot; formcontrolname=&quot;userLoginEmail&quot; class=&quot;mat-input-element mat-form-field-autofill-control ng-tns-c78-148 ng-touched ng-dirty ng-invalid cdk-text-field-autofill-monitored&quot; aria-describedby=&quot;mat-error-87&quot; id=&quot;mat-input-107&quot; data-placeholder=&quot;Email address&quot; aria-invalid=&quot;false&quot; aria-required=&quot;false&quot;&gt;
  (Session info: chrome=124.0.6367.79)
Build info: version: &apos;4.15.0&apos;, revision: &apos;1d14b5521b&apos;
System info: os.name: &apos;Windows 11&apos;, os.arch: &apos;amd64&apos;, os.version: &apos;10.0&apos;, java.version: &apos;21.0.1&apos;
Driver info: org.openqa.selenium.chrome.ChromeDriver
Command: [507114f9899f50b14034efed007d6bca, clickElement {id=f.A76F513529D9F04246A80BEDA744734E.d.475E19676F4E6938A94571DAEC481D5C.e.4060}]
Capabilities {acceptInsecureCerts: false, browserName: chrome, browserVersion: 124.0.6367.79, chrome: {chromedriverVersion: 124.0.6367.91 (51df0e5e17a8..., userDataDir: C:\Users\nsatc\AppData\Loca...}, fedcm:accounts: true, goog:chromeOptions: {debuggerAddress: localhost:51485}, networkConnectionEnabled: false, pageLoadStrategy: normal, platformName: windows, proxy: Proxy(), se:cdp: ws://localhost:51485/devtoo..., se:cdpVersion: 124.0.6367.79, setWindowRect: true, strictFileInteractability: false, timeouts: {implicit: 0, pageLoad: 300000, script: 30000}, unhandledPromptBehavior: dismiss and notify, webauthn:extension:credBlob: true, webauthn:extension:largeBlob: true, webauthn:extension:minPinLength: true, webauthn:extension:prf: true, webauthn:virtualAuthenticators: true}
Element: [[ChromeDriver: chrome on windows (507114f9899f50b14034efed007d6bca)] -&gt; xpath: //th[normalize-space()=&apos;Name&apos;]]
Session ID: 507114f9899f50b14034efed007d6bca
	at java.base/jdk.internal.reflect.DirectConstructorHandleAccessor.newInstance(DirectConstructorHandleAccessor.java:62)
	at java.base/java.lang.reflect.Constructor.newInstanceWithCaller(Constructor.java:502)
	at java.base/java.lang.reflect.Constructor.newInstance(Constructor.java:486)
	at org.openqa.selenium.remote.codec.w3c.W3CHttpResponseCodec.createException(W3CHttpResponseCodec.java:200)
	at org.openqa.selenium.remote.codec.w3c.W3CHttpResponseCodec.decode(W3CHttpResponseCodec.java:133)
	at org.openqa.selenium.remote.codec.w3c.W3CHttpResponseCodec.decode(W3CHttpResponseCodec.java:52)
	at org.openqa.selenium.remote.HttpCommandExecutor.execute(HttpCommandExecutor.java:191)
	at org.openqa.selenium.remote.service.DriverCommandExecutor.invokeExecute(DriverCommandExecutor.java:200)
	at org.openqa.selenium.remote.service.DriverCommandExecutor.execute(DriverCommandExecutor.java:175)
	at org.openqa.selenium.remote.RemoteWebDriver.execute(RemoteWebDriver.java:607)
	at org.openqa.selenium.remote.RemoteWebElement.execute(RemoteWebElement.java:224)
	at org.openqa.selenium.remote.RemoteWebElement.click(RemoteWebElement.java:77)
	at PageObjects.sortUserPage.clickColumnNameHeader(sortUserPage.java:71)
	at StepDefinitions.SortingUserPageSteps.admin_clicks_on_name_sort_icon(SortingUserPageSteps.java:52)
	at ✽.Admin clicks on name sort icon(file:///C:/Users/nsatc/git/Team17_Testing_Squad/src/test/resources/Features/05_04sortUser.feature:13)
</pre></div><a href='#' onClick='toggleBox("stack-trace872991067", this, "Click to show all stack frames", "Click to hide stack frames")'>Click to show all stack frames</a>
<div class='stack-trace' id='stack-trace872991067'><pre>org.openqa.selenium.ElementClickInterceptedException: element click intercepted: Element &lt;th _ngcontent-kfg-c153=&quot;&quot; psortablecolumn=&quot;userFirstName&quot; style=&quot;width: 10rem;&quot; tabindex=&quot;0&quot; role=&quot;columnheader&quot; aria-sort=&quot;none&quot; class=&quot;p-sortable-column&quot;&gt;...&lt;/th&gt; is not clickable at point (417, 218). Other element would receive the click: &lt;input _ngcontent-kfg-c153=&quot;&quot; matinput=&quot;&quot; type=&quot;email&quot; placeholder=&quot;Email address&quot; formcontrolname=&quot;userLoginEmail&quot; class=&quot;mat-input-element mat-form-field-autofill-control ng-tns-c78-148 ng-touched ng-dirty ng-invalid cdk-text-field-autofill-monitored&quot; aria-describedby=&quot;mat-error-87&quot; id=&quot;mat-input-107&quot; data-placeholder=&quot;Email address&quot; aria-invalid=&quot;false&quot; aria-required=&quot;false&quot;&gt;
  (Session info: chrome=124.0.6367.79)
Build info: version: &apos;4.15.0&apos;, revision: &apos;1d14b5521b&apos;
System info: os.name: &apos;Windows 11&apos;, os.arch: &apos;amd64&apos;, os.version: &apos;10.0&apos;, java.version: &apos;21.0.1&apos;
Driver info: org.openqa.selenium.chrome.ChromeDriver
Command: [507114f9899f50b14034efed007d6bca, clickElement {id=f.A76F513529D9F04246A80BEDA744734E.d.475E19676F4E6938A94571DAEC481D5C.e.4060}]
Capabilities {acceptInsecureCerts: false, browserName: chrome, browserVersion: 124.0.6367.79, chrome: {chromedriverVersion: 124.0.6367.91 (51df0e5e17a8..., userDataDir: C:\Users\nsatc\AppData\Loca...}, fedcm:accounts: true, goog:chromeOptions: {debuggerAddress: localhost:51485}, networkConnectionEnabled: false, pageLoadStrategy: normal, platformName: windows, proxy: Proxy(), se:cdp: ws://localhost:51485/devtoo..., se:cdpVersion: 124.0.6367.79, setWindowRect: true, strictFileInteractability: false, timeouts: {implicit: 0, pageLoad: 300000, script: 30000}, unhandledPromptBehavior: dismiss and notify, webauthn:extension:credBlob: true, webauthn:extension:largeBlob: true, webauthn:extension:minPinLength: true, webauthn:extension:prf: true, webauthn:virtualAuthenticators: true}
Element: [[ChromeDriver: chrome on windows (507114f9899f50b14034efed007d6bca)] -&gt; xpath: //th[normalize-space()=&apos;Name&apos;]]
Session ID: 507114f9899f50b14034efed007d6bca
	at java.base/jdk.internal.reflect.DirectConstructorHandleAccessor.newInstance(DirectConstructorHandleAccessor.java:62)
	at java.base/java.lang.reflect.Constructor.newInstanceWithCaller(Constructor.java:502)
	at java.base/java.lang.reflect.Constructor.newInstance(Constructor.java:486)
	at org.openqa.selenium.remote.codec.w3c.W3CHttpResponseCodec.createException(W3CHttpResponseCodec.java:200)
	at org.openqa.selenium.remote.codec.w3c.W3CHttpResponseCodec.decode(W3CHttpResponseCodec.java:133)
	at org.openqa.selenium.remote.codec.w3c.W3CHttpResponseCodec.decode(W3CHttpResponseCodec.java:52)
	at org.openqa.selenium.remote.HttpCommandExecutor.execute(HttpCommandExecutor.java:191)
	at org.openqa.selenium.remote.service.DriverCommandExecutor.invokeExecute(DriverCommandExecutor.java:200)
	at org.openqa.selenium.remote.service.DriverCommandExecutor.execute(DriverCommandExecutor.java:175)
	at org.openqa.selenium.remote.RemoteWebDriver.execute(RemoteWebDriver.java:607)
	at org.openqa.selenium.remote.RemoteWebElement.execute(RemoteWebElement.java:224)
	at org.openqa.selenium.remote.RemoteWebElement.click(RemoteWebElement.java:77)
	at PageObjects.sortUserPage.clickColumnNameHeader(sortUserPage.java:71)
	at StepDefinitions.SortingUserPageSteps.admin_clicks_on_name_sort_icon(SortingUserPageSteps.java:52)
	at ✽.Admin clicks on name sort icon(file:///C:/Users/nsatc/git/Team17_Testing_Squad/src/test/resources/Features/05_04sortUser.feature:13)
</pre></div></td>
<td>3</td>
<td>Runner.MyTestRunner@7d61eb55</td></tr>
<tr>
<td title='Runner.MyTestRunner.runScenario()'><b>runScenario</b><br>Test class: Runner.MyTestRunner<br>Test method: Runs Cucumber Scenarios<br>Parameters: "Admin sorts User details by Location", "Optional[Sorting User Details on Manage User Page]"</td>
<td><div><pre>org.openqa.selenium.ElementClickInterceptedException: element click intercepted: Element &lt;th _ngcontent-kfg-c153=&quot;&quot; psortablecolumn=&quot;userLocation&quot; style=&quot;width: 15rem;&quot; tabindex=&quot;0&quot; role=&quot;columnheader&quot; aria-sort=&quot;none&quot; class=&quot;p-sortable-column&quot;&gt;...&lt;/th&gt; is not clickable at point (654, 218). Other element would receive the click: &lt;input _ngcontent-kfg-c153=&quot;&quot; matinput=&quot;&quot; type=&quot;email&quot; placeholder=&quot;Email address&quot; formcontrolname=&quot;userLoginEmail&quot; class=&quot;mat-input-element mat-form-field-autofill-control ng-tns-c78-148 ng-touched ng-dirty ng-invalid cdk-text-field-autofill-monitored&quot; aria-describedby=&quot;mat-error-87&quot; id=&quot;mat-input-107&quot; data-placeholder=&quot;Email address&quot; aria-invalid=&quot;false&quot; aria-required=&quot;false&quot;&gt;
  (Session info: chrome=124.0.6367.79)
Build info: version: &apos;4.15.0&apos;, revision: &apos;1d14b5521b&apos;
System info: os.name: &apos;Windows 11&apos;, os.arch: &apos;amd64&apos;, os.version: &apos;10.0&apos;, java.version: &apos;21.0.1&apos;
Driver info: org.openqa.selenium.chrome.ChromeDriver
Command: [507114f9899f50b14034efed007d6bca, clickElement {id=f.A76F513529D9F04246A80BEDA744734E.d.475E19676F4E6938A94571DAEC481D5C.e.4062}]
Capabilities {acceptInsecureCerts: false, browserName: chrome, browserVersion: 124.0.6367.79, chrome: {chromedriverVersion: 124.0.6367.91 (51df0e5e17a8..., userDataDir: C:\Users\nsatc\AppData\Loca...}, fedcm:accounts: true, goog:chromeOptions: {debuggerAddress: localhost:51485}, networkConnectionEnabled: false, pageLoadStrategy: normal, platformName: windows, proxy: Proxy(), se:cdp: ws://localhost:51485/devtoo..., se:cdpVersion: 124.0.6367.79, setWindowRect: true, strictFileInteractability: false, timeouts: {implicit: 0, pageLoad: 300000, script: 30000}, unhandledPromptBehavior: dismiss and notify, webauthn:extension:credBlob: true, webauthn:extension:largeBlob: true, webauthn:extension:minPinLength: true, webauthn:extension:prf: true, webauthn:virtualAuthenticators: true}
Element: [[ChromeDriver: chrome on windows (507114f9899f50b14034efed007d6bca)] -&gt; xpath: //th[normalize-space()=&apos;Location&apos;]]
Session ID: 507114f9899f50b14034efed007d6bca
	at java.base/jdk.internal.reflect.DirectConstructorHandleAccessor.newInstance(DirectConstructorHandleAccessor.java:62)
	at java.base/java.lang.reflect.Constructor.newInstanceWithCaller(Constructor.java:502)
	at java.base/java.lang.reflect.Constructor.newInstance(Constructor.java:486)
	at org.openqa.selenium.remote.codec.w3c.W3CHttpResponseCodec.createException(W3CHttpResponseCodec.java:200)
	at org.openqa.selenium.remote.codec.w3c.W3CHttpResponseCodec.decode(W3CHttpResponseCodec.java:133)
	at org.openqa.selenium.remote.codec.w3c.W3CHttpResponseCodec.decode(W3CHttpResponseCodec.java:52)
	at org.openqa.selenium.remote.HttpCommandExecutor.execute(HttpCommandExecutor.java:191)
	at org.openqa.selenium.remote.service.DriverCommandExecutor.invokeExecute(DriverCommandExecutor.java:200)
	at org.openqa.selenium.remote.service.DriverCommandExecutor.execute(DriverCommandExecutor.java:175)
	at org.openqa.selenium.remote.RemoteWebDriver.execute(RemoteWebDriver.java:607)
	at org.openqa.selenium.remote.RemoteWebElement.execute(RemoteWebElement.java:224)
	at org.openqa.selenium.remote.RemoteWebElement.click(RemoteWebElement.java:77)
	at PageObjects.sortUserPage.clickColumnLocationHeader(sortUserPage.java:76)
	at StepDefinitions.SortingUserPageSteps.admin_clicks_on_location_sort_icon(SortingUserPageSteps.java:64)
	at ✽.Admin clicks on Location sort icon(file:///C:/Users/nsatc/git/Team17_Testing_Squad/src/test/resources/Features/05_04sortUser.feature:18)
</pre></div><a href='#' onClick='toggleBox("stack-trace1986238228", this, "Click to show all stack frames", "Click to hide stack frames")'>Click to show all stack frames</a>
<div class='stack-trace' id='stack-trace1986238228'><pre>org.openqa.selenium.ElementClickInterceptedException: element click intercepted: Element &lt;th _ngcontent-kfg-c153=&quot;&quot; psortablecolumn=&quot;userLocation&quot; style=&quot;width: 15rem;&quot; tabindex=&quot;0&quot; role=&quot;columnheader&quot; aria-sort=&quot;none&quot; class=&quot;p-sortable-column&quot;&gt;...&lt;/th&gt; is not clickable at point (654, 218). Other element would receive the click: &lt;input _ngcontent-kfg-c153=&quot;&quot; matinput=&quot;&quot; type=&quot;email&quot; placeholder=&quot;Email address&quot; formcontrolname=&quot;userLoginEmail&quot; class=&quot;mat-input-element mat-form-field-autofill-control ng-tns-c78-148 ng-touched ng-dirty ng-invalid cdk-text-field-autofill-monitored&quot; aria-describedby=&quot;mat-error-87&quot; id=&quot;mat-input-107&quot; data-placeholder=&quot;Email address&quot; aria-invalid=&quot;false&quot; aria-required=&quot;false&quot;&gt;
  (Session info: chrome=124.0.6367.79)
Build info: version: &apos;4.15.0&apos;, revision: &apos;1d14b5521b&apos;
System info: os.name: &apos;Windows 11&apos;, os.arch: &apos;amd64&apos;, os.version: &apos;10.0&apos;, java.version: &apos;21.0.1&apos;
Driver info: org.openqa.selenium.chrome.ChromeDriver
Command: [507114f9899f50b14034efed007d6bca, clickElement {id=f.A76F513529D9F04246A80BEDA744734E.d.475E19676F4E6938A94571DAEC481D5C.e.4062}]
Capabilities {acceptInsecureCerts: false, browserName: chrome, browserVersion: 124.0.6367.79, chrome: {chromedriverVersion: 124.0.6367.91 (51df0e5e17a8..., userDataDir: C:\Users\nsatc\AppData\Loca...}, fedcm:accounts: true, goog:chromeOptions: {debuggerAddress: localhost:51485}, networkConnectionEnabled: false, pageLoadStrategy: normal, platformName: windows, proxy: Proxy(), se:cdp: ws://localhost:51485/devtoo..., se:cdpVersion: 124.0.6367.79, setWindowRect: true, strictFileInteractability: false, timeouts: {implicit: 0, pageLoad: 300000, script: 30000}, unhandledPromptBehavior: dismiss and notify, webauthn:extension:credBlob: true, webauthn:extension:largeBlob: true, webauthn:extension:minPinLength: true, webauthn:extension:prf: true, webauthn:virtualAuthenticators: true}
Element: [[ChromeDriver: chrome on windows (507114f9899f50b14034efed007d6bca)] -&gt; xpath: //th[normalize-space()=&apos;Location&apos;]]
Session ID: 507114f9899f50b14034efed007d6bca
	at java.base/jdk.internal.reflect.DirectConstructorHandleAccessor.newInstance(DirectConstructorHandleAccessor.java:62)
	at java.base/java.lang.reflect.Constructor.newInstanceWithCaller(Constructor.java:502)
	at java.base/java.lang.reflect.Constructor.newInstance(Constructor.java:486)
	at org.openqa.selenium.remote.codec.w3c.W3CHttpResponseCodec.createException(W3CHttpResponseCodec.java:200)
	at org.openqa.selenium.remote.codec.w3c.W3CHttpResponseCodec.decode(W3CHttpResponseCodec.java:133)
	at org.openqa.selenium.remote.codec.w3c.W3CHttpResponseCodec.decode(W3CHttpResponseCodec.java:52)
	at org.openqa.selenium.remote.HttpCommandExecutor.execute(HttpCommandExecutor.java:191)
	at org.openqa.selenium.remote.service.DriverCommandExecutor.invokeExecute(DriverCommandExecutor.java:200)
	at org.openqa.selenium.remote.service.DriverCommandExecutor.execute(DriverCommandExecutor.java:175)
	at org.openqa.selenium.remote.RemoteWebDriver.execute(RemoteWebDriver.java:607)
	at org.openqa.selenium.remote.RemoteWebElement.execute(RemoteWebElement.java:224)
	at org.openqa.selenium.remote.RemoteWebElement.click(RemoteWebElement.java:77)
	at PageObjects.sortUserPage.clickColumnLocationHeader(sortUserPage.java:76)
	at StepDefinitions.SortingUserPageSteps.admin_clicks_on_location_sort_icon(SortingUserPageSteps.java:64)
	at ✽.Admin clicks on Location sort icon(file:///C:/Users/nsatc/git/Team17_Testing_Squad/src/test/resources/Features/05_04sortUser.feature:18)
</pre></div></td>
<td>1</td>
<td>Runner.MyTestRunner@7d61eb55</td></tr>
<tr>
<td title='Runner.MyTestRunner.runScenario()'><b>runScenario</b><br>Test class: Runner.MyTestRunner<br>Test method: Runs Cucumber Scenarios<br>Parameters: "Validate login page elements and invalid credentials", "Optional[Home Page Verification]"</td>
<td><div><pre>java.lang.AssertionError: Please enter your password is not displayed and it is displaying the following wrong message Invalid username and password Please try again expected [false] but found [true]
	at org.testng.Assert.fail(Assert.java:110)
	at org.testng.Assert.failNotEquals(Assert.java:1577)
	at org.testng.Assert.assertEqualsImpl(Assert.java:149)
	at org.testng.Assert.assertEquals(Assert.java:131)
	at org.testng.Assert.assertEquals(Assert.java:1066)
	at org.testng.Assert.assertEquals(Assert.java:1030)
	at StepDefinitions.LoginPageSteps.Error_Msg_Validation(LoginPageSteps.java:77)
	at ✽.Admin should see the Error message please check expected &apos;Please enter your password&apos; displays(file:///C:/Users/nsatc/git/Team17_Testing_Squad/src/test/resources/Features/01_Login.feature:28)
</pre></div><a href='#' onClick='toggleBox("stack-trace1558397083", this, "Click to show all stack frames", "Click to hide stack frames")'>Click to show all stack frames</a>
<div class='stack-trace' id='stack-trace1558397083'><pre>java.lang.AssertionError: Please enter your password is not displayed and it is displaying the following wrong message Invalid username and password Please try again expected [false] but found [true]
	at org.testng.Assert.fail(Assert.java:110)
	at org.testng.Assert.failNotEquals(Assert.java:1577)
	at org.testng.Assert.assertEqualsImpl(Assert.java:149)
	at org.testng.Assert.assertEquals(Assert.java:131)
	at org.testng.Assert.assertEquals(Assert.java:1066)
	at org.testng.Assert.assertEquals(Assert.java:1030)
	at StepDefinitions.LoginPageSteps.Error_Msg_Validation(LoginPageSteps.java:77)
	at ✽.Admin should see the Error message please check expected &apos;Please enter your password&apos; displays(file:///C:/Users/nsatc/git/Team17_Testing_Squad/src/test/resources/Features/01_Login.feature:28)
</pre></div></td>
<td>1</td>
<td>Runner.MyTestRunner@7d61eb55</td></tr>
<tr>
<td title='Runner.MyTestRunner.runScenario()'><b>runScenario</b><br>Test class: Runner.MyTestRunner<br>Test method: Runs Cucumber Scenarios<br>Parameters: "Check if the user details are added in data table", "Optional[User Details Popup Validation]"</td>
<td><div><pre>org.openqa.selenium.NoSuchElementException: no such element: Unable to locate element: {&quot;method&quot;:&quot;xpath&quot;,&quot;selector&quot;:&quot;//div[text()=&apos;User Added Successfully&apos;]&quot;}
  (Session info: chrome=124.0.6367.79)
For documentation on this error, please visit: https://www.selenium.dev/documentation/webdriver/troubleshooting/errors#no-such-element-exception
Build info: version: &apos;4.15.0&apos;, revision: &apos;1d14b5521b&apos;
System info: os.name: &apos;Windows 11&apos;, os.arch: &apos;amd64&apos;, os.version: &apos;10.0&apos;, java.version: &apos;21.0.1&apos;
Driver info: org.openqa.selenium.chrome.ChromeDriver
Command: [507114f9899f50b14034efed007d6bca, findElement {using=xpath, value=//div[text()=&apos;User Added Successfully&apos;]}]
Capabilities {acceptInsecureCerts: false, browserName: chrome, browserVersion: 124.0.6367.79, chrome: {chromedriverVersion: 124.0.6367.91 (51df0e5e17a8..., userDataDir: C:\Users\nsatc\AppData\Loca...}, fedcm:accounts: true, goog:chromeOptions: {debuggerAddress: localhost:51485}, networkConnectionEnabled: false, pageLoadStrategy: normal, platformName: windows, proxy: Proxy(), se:cdp: ws://localhost:51485/devtoo..., se:cdpVersion: 124.0.6367.79, setWindowRect: true, strictFileInteractability: false, timeouts: {implicit: 0, pageLoad: 300000, script: 30000}, unhandledPromptBehavior: dismiss and notify, webauthn:extension:credBlob: true, webauthn:extension:largeBlob: true, webauthn:extension:minPinLength: true, webauthn:extension:prf: true, webauthn:virtualAuthenticators: true}
Session ID: 507114f9899f50b14034efed007d6bca
	at java.base/jdk.internal.reflect.DirectConstructorHandleAccessor.newInstance(DirectConstructorHandleAccessor.java:62)
	at java.base/java.lang.reflect.Constructor.newInstanceWithCaller(Constructor.java:502)
	at java.base/java.lang.reflect.Constructor.newInstance(Constructor.java:486)
	at org.openqa.selenium.remote.codec.w3c.W3CHttpResponseCodec.createException(W3CHttpResponseCodec.java:200)
	at org.openqa.selenium.remote.codec.w3c.W3CHttpResponseCodec.decode(W3CHttpResponseCodec.java:133)
	at org.openqa.selenium.remote.codec.w3c.W3CHttpResponseCodec.decode(W3CHttpResponseCodec.java:52)
	at org.openqa.selenium.remote.HttpCommandExecutor.execute(HttpCommandExecutor.java:191)
	at org.openqa.selenium.remote.service.DriverCommandExecutor.invokeExecute(DriverCommandExecutor.java:200)
	at org.openqa.selenium.remote.service.DriverCommandExecutor.execute(DriverCommandExecutor.java:175)
	at org.openqa.selenium.remote.RemoteWebDriver.execute(RemoteWebDriver.java:607)
	at org.openqa.selenium.remote.ElementLocation$ElementFinder$2.findElement(ElementLocation.java:165)
	at org.openqa.selenium.remote.ElementLocation.findElement(ElementLocation.java:59)
	at org.openqa.selenium.remote.RemoteWebDriver.findElement(RemoteWebDriver.java:364)
	at org.openqa.selenium.remote.RemoteWebDriver.findElement(RemoteWebDriver.java:358)
	at PageObjects.addUserPage.getSucessMsg(addUserPage.java:212)
	at StepDefinitions.AddUserPageSteps.the_newly_added_user_should_be_present_in_the_data_table_in_manage_user_page(AddUserPageSteps.java:211)
	at ✽.the newly added user should be present in the data table in Manage User page(file:///C:/Users/nsatc/git/Team17_Testing_Squad/src/test/resources/Features/05_02addUser.feature:97)
</pre></div><a href='#' onClick='toggleBox("stack-trace522007047", this, "Click to show all stack frames", "Click to hide stack frames")'>Click to show all stack frames</a>
<div class='stack-trace' id='stack-trace522007047'><pre>org.openqa.selenium.NoSuchElementException: no such element: Unable to locate element: {&quot;method&quot;:&quot;xpath&quot;,&quot;selector&quot;:&quot;//div[text()=&apos;User Added Successfully&apos;]&quot;}
  (Session info: chrome=124.0.6367.79)
For documentation on this error, please visit: https://www.selenium.dev/documentation/webdriver/troubleshooting/errors#no-such-element-exception
Build info: version: &apos;4.15.0&apos;, revision: &apos;1d14b5521b&apos;
System info: os.name: &apos;Windows 11&apos;, os.arch: &apos;amd64&apos;, os.version: &apos;10.0&apos;, java.version: &apos;21.0.1&apos;
Driver info: org.openqa.selenium.chrome.ChromeDriver
Command: [507114f9899f50b14034efed007d6bca, findElement {using=xpath, value=//div[text()=&apos;User Added Successfully&apos;]}]
Capabilities {acceptInsecureCerts: false, browserName: chrome, browserVersion: 124.0.6367.79, chrome: {chromedriverVersion: 124.0.6367.91 (51df0e5e17a8..., userDataDir: C:\Users\nsatc\AppData\Loca...}, fedcm:accounts: true, goog:chromeOptions: {debuggerAddress: localhost:51485}, networkConnectionEnabled: false, pageLoadStrategy: normal, platformName: windows, proxy: Proxy(), se:cdp: ws://localhost:51485/devtoo..., se:cdpVersion: 124.0.6367.79, setWindowRect: true, strictFileInteractability: false, timeouts: {implicit: 0, pageLoad: 300000, script: 30000}, unhandledPromptBehavior: dismiss and notify, webauthn:extension:credBlob: true, webauthn:extension:largeBlob: true, webauthn:extension:minPinLength: true, webauthn:extension:prf: true, webauthn:virtualAuthenticators: true}
Session ID: 507114f9899f50b14034efed007d6bca
	at java.base/jdk.internal.reflect.DirectConstructorHandleAccessor.newInstance(DirectConstructorHandleAccessor.java:62)
	at java.base/java.lang.reflect.Constructor.newInstanceWithCaller(Constructor.java:502)
	at java.base/java.lang.reflect.Constructor.newInstance(Constructor.java:486)
	at org.openqa.selenium.remote.codec.w3c.W3CHttpResponseCodec.createException(W3CHttpResponseCodec.java:200)
	at org.openqa.selenium.remote.codec.w3c.W3CHttpResponseCodec.decode(W3CHttpResponseCodec.java:133)
	at org.openqa.selenium.remote.codec.w3c.W3CHttpResponseCodec.decode(W3CHttpResponseCodec.java:52)
	at org.openqa.selenium.remote.HttpCommandExecutor.execute(HttpCommandExecutor.java:191)
	at org.openqa.selenium.remote.service.DriverCommandExecutor.invokeExecute(DriverCommandExecutor.java:200)
	at org.openqa.selenium.remote.service.DriverCommandExecutor.execute(DriverCommandExecutor.java:175)
	at org.openqa.selenium.remote.RemoteWebDriver.execute(RemoteWebDriver.java:607)
	at org.openqa.selenium.remote.ElementLocation$ElementFinder$2.findElement(ElementLocation.java:165)
	at org.openqa.selenium.remote.ElementLocation.findElement(ElementLocation.java:59)
	at org.openqa.selenium.remote.RemoteWebDriver.findElement(RemoteWebDriver.java:364)
	at org.openqa.selenium.remote.RemoteWebDriver.findElement(RemoteWebDriver.java:358)
	at PageObjects.addUserPage.getSucessMsg(addUserPage.java:212)
	at StepDefinitions.AddUserPageSteps.the_newly_added_user_should_be_present_in_the_data_table_in_manage_user_page(AddUserPageSteps.java:211)
	at ✽.the newly added user should be present in the data table in Manage User page(file:///C:/Users/nsatc/git/Team17_Testing_Squad/src/test/resources/Features/05_02addUser.feature:97)
</pre></div></td>
<td>6</td>
<td>Runner.MyTestRunner@7d61eb55</td></tr>
<tr>
<td title='Runner.MyTestRunner.runScenario()'><b>runScenario</b><br>Test class: Runner.MyTestRunner<br>Test method: Runs Cucumber Scenarios<br>Parameters: "Admin sorts User details by Phone number", "Optional[Sorting User Details on Manage User Page]"</td>
<td><div><pre>org.openqa.selenium.ElementClickInterceptedException: element click intercepted: Element &lt;th _ngcontent-kfg-c153=&quot;&quot; psortablecolumn=&quot;userPhoneNumber&quot; style=&quot;width: 12rem;&quot; tabindex=&quot;0&quot; role=&quot;columnheader&quot; aria-sort=&quot;none&quot; class=&quot;p-sortable-column&quot;&gt;...&lt;/th&gt; is not clickable at point (910, 218). Other element would receive the click: &lt;input _ngcontent-kfg-c153=&quot;&quot; matinput=&quot;&quot; type=&quot;email&quot; placeholder=&quot;Email address&quot; formcontrolname=&quot;userLoginEmail&quot; class=&quot;mat-input-element mat-form-field-autofill-control ng-tns-c78-148 ng-touched ng-dirty ng-invalid cdk-text-field-autofill-monitored&quot; aria-describedby=&quot;mat-error-87&quot; id=&quot;mat-input-107&quot; data-placeholder=&quot;Email address&quot; aria-invalid=&quot;false&quot; aria-required=&quot;false&quot;&gt;
  (Session info: chrome=124.0.6367.79)
Build info: version: &apos;4.15.0&apos;, revision: &apos;1d14b5521b&apos;
System info: os.name: &apos;Windows 11&apos;, os.arch: &apos;amd64&apos;, os.version: &apos;10.0&apos;, java.version: &apos;21.0.1&apos;
Driver info: org.openqa.selenium.chrome.ChromeDriver
Command: [507114f9899f50b14034efed007d6bca, clickElement {id=f.A76F513529D9F04246A80BEDA744734E.d.475E19676F4E6938A94571DAEC481D5C.e.4064}]
Capabilities {acceptInsecureCerts: false, browserName: chrome, browserVersion: 124.0.6367.79, chrome: {chromedriverVersion: 124.0.6367.91 (51df0e5e17a8..., userDataDir: C:\Users\nsatc\AppData\Loca...}, fedcm:accounts: true, goog:chromeOptions: {debuggerAddress: localhost:51485}, networkConnectionEnabled: false, pageLoadStrategy: normal, platformName: windows, proxy: Proxy(), se:cdp: ws://localhost:51485/devtoo..., se:cdpVersion: 124.0.6367.79, setWindowRect: true, strictFileInteractability: false, timeouts: {implicit: 0, pageLoad: 300000, script: 30000}, unhandledPromptBehavior: dismiss and notify, webauthn:extension:credBlob: true, webauthn:extension:largeBlob: true, webauthn:extension:minPinLength: true, webauthn:extension:prf: true, webauthn:virtualAuthenticators: true}
Element: [[ChromeDriver: chrome on windows (507114f9899f50b14034efed007d6bca)] -&gt; xpath: //th[normalize-space()=&apos;Phone Number&apos;]]
Session ID: 507114f9899f50b14034efed007d6bca
	at java.base/jdk.internal.reflect.DirectConstructorHandleAccessor.newInstance(DirectConstructorHandleAccessor.java:62)
	at java.base/java.lang.reflect.Constructor.newInstanceWithCaller(Constructor.java:502)
	at java.base/java.lang.reflect.Constructor.newInstance(Constructor.java:486)
	at org.openqa.selenium.remote.codec.w3c.W3CHttpResponseCodec.createException(W3CHttpResponseCodec.java:200)
	at org.openqa.selenium.remote.codec.w3c.W3CHttpResponseCodec.decode(W3CHttpResponseCodec.java:133)
	at org.openqa.selenium.remote.codec.w3c.W3CHttpResponseCodec.decode(W3CHttpResponseCodec.java:52)
	at org.openqa.selenium.remote.HttpCommandExecutor.execute(HttpCommandExecutor.java:191)
	at org.openqa.selenium.remote.service.DriverCommandExecutor.invokeExecute(DriverCommandExecutor.java:200)
	at org.openqa.selenium.remote.service.DriverCommandExecutor.execute(DriverCommandExecutor.java:175)
	at org.openqa.selenium.remote.RemoteWebDriver.execute(RemoteWebDriver.java:607)
	at org.openqa.selenium.remote.RemoteWebElement.execute(RemoteWebElement.java:224)
	at org.openqa.selenium.remote.RemoteWebElement.click(RemoteWebElement.java:77)
	at PageObjects.sortUserPage.clickColumnPhoneNoHeader(sortUserPage.java:80)
	at StepDefinitions.SortingUserPageSteps.admin_clicks_on_phone_number_sort_icon(SortingUserPageSteps.java:74)
	at ✽.Admin clicks on Phone number sort icon(file:///C:/Users/nsatc/git/Team17_Testing_Squad/src/test/resources/Features/05_04sortUser.feature:23)
</pre></div><a href='#' onClick='toggleBox("stack-trace620455201", this, "Click to show all stack frames", "Click to hide stack frames")'>Click to show all stack frames</a>
<div class='stack-trace' id='stack-trace620455201'><pre>org.openqa.selenium.ElementClickInterceptedException: element click intercepted: Element &lt;th _ngcontent-kfg-c153=&quot;&quot; psortablecolumn=&quot;userPhoneNumber&quot; style=&quot;width: 12rem;&quot; tabindex=&quot;0&quot; role=&quot;columnheader&quot; aria-sort=&quot;none&quot; class=&quot;p-sortable-column&quot;&gt;...&lt;/th&gt; is not clickable at point (910, 218). Other element would receive the click: &lt;input _ngcontent-kfg-c153=&quot;&quot; matinput=&quot;&quot; type=&quot;email&quot; placeholder=&quot;Email address&quot; formcontrolname=&quot;userLoginEmail&quot; class=&quot;mat-input-element mat-form-field-autofill-control ng-tns-c78-148 ng-touched ng-dirty ng-invalid cdk-text-field-autofill-monitored&quot; aria-describedby=&quot;mat-error-87&quot; id=&quot;mat-input-107&quot; data-placeholder=&quot;Email address&quot; aria-invalid=&quot;false&quot; aria-required=&quot;false&quot;&gt;
  (Session info: chrome=124.0.6367.79)
Build info: version: &apos;4.15.0&apos;, revision: &apos;1d14b5521b&apos;
System info: os.name: &apos;Windows 11&apos;, os.arch: &apos;amd64&apos;, os.version: &apos;10.0&apos;, java.version: &apos;21.0.1&apos;
Driver info: org.openqa.selenium.chrome.ChromeDriver
Command: [507114f9899f50b14034efed007d6bca, clickElement {id=f.A76F513529D9F04246A80BEDA744734E.d.475E19676F4E6938A94571DAEC481D5C.e.4064}]
Capabilities {acceptInsecureCerts: false, browserName: chrome, browserVersion: 124.0.6367.79, chrome: {chromedriverVersion: 124.0.6367.91 (51df0e5e17a8..., userDataDir: C:\Users\nsatc\AppData\Loca...}, fedcm:accounts: true, goog:chromeOptions: {debuggerAddress: localhost:51485}, networkConnectionEnabled: false, pageLoadStrategy: normal, platformName: windows, proxy: Proxy(), se:cdp: ws://localhost:51485/devtoo..., se:cdpVersion: 124.0.6367.79, setWindowRect: true, strictFileInteractability: false, timeouts: {implicit: 0, pageLoad: 300000, script: 30000}, unhandledPromptBehavior: dismiss and notify, webauthn:extension:credBlob: true, webauthn:extension:largeBlob: true, webauthn:extension:minPinLength: true, webauthn:extension:prf: true, webauthn:virtualAuthenticators: true}
Element: [[ChromeDriver: chrome on windows (507114f9899f50b14034efed007d6bca)] -&gt; xpath: //th[normalize-space()=&apos;Phone Number&apos;]]
Session ID: 507114f9899f50b14034efed007d6bca
	at java.base/jdk.internal.reflect.DirectConstructorHandleAccessor.newInstance(DirectConstructorHandleAccessor.java:62)
	at java.base/java.lang.reflect.Constructor.newInstanceWithCaller(Constructor.java:502)
	at java.base/java.lang.reflect.Constructor.newInstance(Constructor.java:486)
	at org.openqa.selenium.remote.codec.w3c.W3CHttpResponseCodec.createException(W3CHttpResponseCodec.java:200)
	at org.openqa.selenium.remote.codec.w3c.W3CHttpResponseCodec.decode(W3CHttpResponseCodec.java:133)
	at org.openqa.selenium.remote.codec.w3c.W3CHttpResponseCodec.decode(W3CHttpResponseCodec.java:52)
	at org.openqa.selenium.remote.HttpCommandExecutor.execute(HttpCommandExecutor.java:191)
	at org.openqa.selenium.remote.service.DriverCommandExecutor.invokeExecute(DriverCommandExecutor.java:200)
	at org.openqa.selenium.remote.service.DriverCommandExecutor.execute(DriverCommandExecutor.java:175)
	at org.openqa.selenium.remote.RemoteWebDriver.execute(RemoteWebDriver.java:607)
	at org.openqa.selenium.remote.RemoteWebElement.execute(RemoteWebElement.java:224)
	at org.openqa.selenium.remote.RemoteWebElement.click(RemoteWebElement.java:77)
	at PageObjects.sortUserPage.clickColumnPhoneNoHeader(sortUserPage.java:80)
	at StepDefinitions.SortingUserPageSteps.admin_clicks_on_phone_number_sort_icon(SortingUserPageSteps.java:74)
	at ✽.Admin clicks on Phone number sort icon(file:///C:/Users/nsatc/git/Team17_Testing_Squad/src/test/resources/Features/05_04sortUser.feature:23)
</pre></div></td>
<td>1</td>
<td>Runner.MyTestRunner@7d61eb55</td></tr>
<tr>
<td title='Runner.MyTestRunner.runScenario()'><b>runScenario</b><br>Test class: Runner.MyTestRunner<br>Test method: Runs Cucumber Scenarios<br>Parameters: "Update Program Name", "Optional[Update Program Details]"</td>
<td><div><pre>org.openqa.selenium.NoSuchElementException: no such element: Unable to locate element: {&quot;method&quot;:&quot;xpath&quot;,&quot;selector&quot;:&quot;//td[normalize-space()=&apos;aapriyanga&apos;]//following-sibling::td//button[1]&quot;}
  (Session info: chrome=124.0.6367.79)
For documentation on this error, please visit: https://www.selenium.dev/documentation/webdriver/troubleshooting/errors#no-such-element-exception
Build info: version: &apos;4.15.0&apos;, revision: &apos;1d14b5521b&apos;
System info: os.name: &apos;Windows 11&apos;, os.arch: &apos;amd64&apos;, os.version: &apos;10.0&apos;, java.version: &apos;21.0.1&apos;
Driver info: org.openqa.selenium.chrome.ChromeDriver
Command: [507114f9899f50b14034efed007d6bca, findElement {using=xpath, value=//td[normalize-space()=&apos;aapriyanga&apos;]//following-sibling::td//button[1]}]
Capabilities {acceptInsecureCerts: false, browserName: chrome, browserVersion: 124.0.6367.79, chrome: {chromedriverVersion: 124.0.6367.91 (51df0e5e17a8..., userDataDir: C:\Users\nsatc\AppData\Loca...}, fedcm:accounts: true, goog:chromeOptions: {debuggerAddress: localhost:51485}, networkConnectionEnabled: false, pageLoadStrategy: normal, platformName: windows, proxy: Proxy(), se:cdp: ws://localhost:51485/devtoo..., se:cdpVersion: 124.0.6367.79, setWindowRect: true, strictFileInteractability: false, timeouts: {implicit: 0, pageLoad: 300000, script: 30000}, unhandledPromptBehavior: dismiss and notify, webauthn:extension:credBlob: true, webauthn:extension:largeBlob: true, webauthn:extension:minPinLength: true, webauthn:extension:prf: true, webauthn:virtualAuthenticators: true}
Session ID: 507114f9899f50b14034efed007d6bca
	at java.base/jdk.internal.reflect.DirectConstructorHandleAccessor.newInstance(DirectConstructorHandleAccessor.java:62)
	at java.base/java.lang.reflect.Constructor.newInstanceWithCaller(Constructor.java:502)
	at java.base/java.lang.reflect.Constructor.newInstance(Constructor.java:486)
	at org.openqa.selenium.remote.codec.w3c.W3CHttpResponseCodec.createException(W3CHttpResponseCodec.java:200)
	at org.openqa.selenium.remote.codec.w3c.W3CHttpResponseCodec.decode(W3CHttpResponseCodec.java:133)
	at org.openqa.selenium.remote.codec.w3c.W3CHttpResponseCodec.decode(W3CHttpResponseCodec.java:52)
	at org.openqa.selenium.remote.HttpCommandExecutor.execute(HttpCommandExecutor.java:191)
	at org.openqa.selenium.remote.service.DriverCommandExecutor.invokeExecute(DriverCommandExecutor.java:200)
	at org.openqa.selenium.remote.service.DriverCommandExecutor.execute(DriverCommandExecutor.java:175)
	at org.openqa.selenium.remote.RemoteWebDriver.execute(RemoteWebDriver.java:607)
	at org.openqa.selenium.remote.ElementLocation$ElementFinder$2.findElement(ElementLocation.java:165)
	at org.openqa.selenium.remote.ElementLocation.findElement(ElementLocation.java:59)
	at org.openqa.selenium.remote.RemoteWebDriver.findElement(RemoteWebDriver.java:364)
	at org.openqa.selenium.remote.RemoteWebDriver.findElement(RemoteWebDriver.java:358)
	at PageObjects.editPgmPg.clickEditByname(editPgmPg.java:49)
	at StepDefinitions.editPgmStep.admin_updates_the_program_name_field_and_clicks_save_button(editPgmStep.java:89)
	at ✽.Admin updates the program name &quot;Manage Program&quot; 5 field and clicks save button(file:///C:/Users/nsatc/git/Team17_Testing_Squad/src/test/resources/Features/03_03_editProgramDetails.feature:18)
</pre></div><a href='#' onClick='toggleBox("stack-trace1519757998", this, "Click to show all stack frames", "Click to hide stack frames")'>Click to show all stack frames</a>
<div class='stack-trace' id='stack-trace1519757998'><pre>org.openqa.selenium.NoSuchElementException: no such element: Unable to locate element: {&quot;method&quot;:&quot;xpath&quot;,&quot;selector&quot;:&quot;//td[normalize-space()=&apos;aapriyanga&apos;]//following-sibling::td//button[1]&quot;}
  (Session info: chrome=124.0.6367.79)
For documentation on this error, please visit: https://www.selenium.dev/documentation/webdriver/troubleshooting/errors#no-such-element-exception
Build info: version: &apos;4.15.0&apos;, revision: &apos;1d14b5521b&apos;
System info: os.name: &apos;Windows 11&apos;, os.arch: &apos;amd64&apos;, os.version: &apos;10.0&apos;, java.version: &apos;21.0.1&apos;
Driver info: org.openqa.selenium.chrome.ChromeDriver
Command: [507114f9899f50b14034efed007d6bca, findElement {using=xpath, value=//td[normalize-space()=&apos;aapriyanga&apos;]//following-sibling::td//button[1]}]
Capabilities {acceptInsecureCerts: false, browserName: chrome, browserVersion: 124.0.6367.79, chrome: {chromedriverVersion: 124.0.6367.91 (51df0e5e17a8..., userDataDir: C:\Users\nsatc\AppData\Loca...}, fedcm:accounts: true, goog:chromeOptions: {debuggerAddress: localhost:51485}, networkConnectionEnabled: false, pageLoadStrategy: normal, platformName: windows, proxy: Proxy(), se:cdp: ws://localhost:51485/devtoo..., se:cdpVersion: 124.0.6367.79, setWindowRect: true, strictFileInteractability: false, timeouts: {implicit: 0, pageLoad: 300000, script: 30000}, unhandledPromptBehavior: dismiss and notify, webauthn:extension:credBlob: true, webauthn:extension:largeBlob: true, webauthn:extension:minPinLength: true, webauthn:extension:prf: true, webauthn:virtualAuthenticators: true}
Session ID: 507114f9899f50b14034efed007d6bca
	at java.base/jdk.internal.reflect.DirectConstructorHandleAccessor.newInstance(DirectConstructorHandleAccessor.java:62)
	at java.base/java.lang.reflect.Constructor.newInstanceWithCaller(Constructor.java:502)
	at java.base/java.lang.reflect.Constructor.newInstance(Constructor.java:486)
	at org.openqa.selenium.remote.codec.w3c.W3CHttpResponseCodec.createException(W3CHttpResponseCodec.java:200)
	at org.openqa.selenium.remote.codec.w3c.W3CHttpResponseCodec.decode(W3CHttpResponseCodec.java:133)
	at org.openqa.selenium.remote.codec.w3c.W3CHttpResponseCodec.decode(W3CHttpResponseCodec.java:52)
	at org.openqa.selenium.remote.HttpCommandExecutor.execute(HttpCommandExecutor.java:191)
	at org.openqa.selenium.remote.service.DriverCommandExecutor.invokeExecute(DriverCommandExecutor.java:200)
	at org.openqa.selenium.remote.service.DriverCommandExecutor.execute(DriverCommandExecutor.java:175)
	at org.openqa.selenium.remote.RemoteWebDriver.execute(RemoteWebDriver.java:607)
	at org.openqa.selenium.remote.ElementLocation$ElementFinder$2.findElement(ElementLocation.java:165)
	at org.openqa.selenium.remote.ElementLocation.findElement(ElementLocation.java:59)
	at org.openqa.selenium.remote.RemoteWebDriver.findElement(RemoteWebDriver.java:364)
	at org.openqa.selenium.remote.RemoteWebDriver.findElement(RemoteWebDriver.java:358)
	at PageObjects.editPgmPg.clickEditByname(editPgmPg.java:49)
	at StepDefinitions.editPgmStep.admin_updates_the_program_name_field_and_clicks_save_button(editPgmStep.java:89)
	at ✽.Admin updates the program name &quot;Manage Program&quot; 5 field and clicks save button(file:///C:/Users/nsatc/git/Team17_Testing_Squad/src/test/resources/Features/03_03_editProgramDetails.feature:18)
</pre></div></td>
<td>7</td>
<td>Runner.MyTestRunner@7d61eb55</td></tr>
<tr>
<td title='Runner.MyTestRunner.runScenario()'><b>runScenario</b><br>Test class: Runner.MyTestRunner<br>Test method: Runs Cucumber Scenarios<br>Parameters: "Update Program Status", "Optional[Update Program Details]"</td>
<td><div><pre>org.openqa.selenium.NoSuchElementException: no such element: Unable to locate element: {&quot;method&quot;:&quot;xpath&quot;,&quot;selector&quot;:&quot;//td[normalize-space()=&apos;aapriyanga&apos;]//following-sibling::td//button[1]&quot;}
  (Session info: chrome=124.0.6367.79)
For documentation on this error, please visit: https://www.selenium.dev/documentation/webdriver/troubleshooting/errors#no-such-element-exception
Build info: version: &apos;4.15.0&apos;, revision: &apos;1d14b5521b&apos;
System info: os.name: &apos;Windows 11&apos;, os.arch: &apos;amd64&apos;, os.version: &apos;10.0&apos;, java.version: &apos;21.0.1&apos;
Driver info: org.openqa.selenium.chrome.ChromeDriver
Command: [507114f9899f50b14034efed007d6bca, findElement {using=xpath, value=//td[normalize-space()=&apos;aapriyanga&apos;]//following-sibling::td//button[1]}]
Capabilities {acceptInsecureCerts: false, browserName: chrome, browserVersion: 124.0.6367.79, chrome: {chromedriverVersion: 124.0.6367.91 (51df0e5e17a8..., userDataDir: C:\Users\nsatc\AppData\Loca...}, fedcm:accounts: true, goog:chromeOptions: {debuggerAddress: localhost:51485}, networkConnectionEnabled: false, pageLoadStrategy: normal, platformName: windows, proxy: Proxy(), se:cdp: ws://localhost:51485/devtoo..., se:cdpVersion: 124.0.6367.79, setWindowRect: true, strictFileInteractability: false, timeouts: {implicit: 0, pageLoad: 300000, script: 30000}, unhandledPromptBehavior: dismiss and notify, webauthn:extension:credBlob: true, webauthn:extension:largeBlob: true, webauthn:extension:minPinLength: true, webauthn:extension:prf: true, webauthn:virtualAuthenticators: true}
Session ID: 507114f9899f50b14034efed007d6bca
	at java.base/jdk.internal.reflect.DirectConstructorHandleAccessor.newInstance(DirectConstructorHandleAccessor.java:62)
	at java.base/java.lang.reflect.Constructor.newInstanceWithCaller(Constructor.java:502)
	at java.base/java.lang.reflect.Constructor.newInstance(Constructor.java:486)
	at org.openqa.selenium.remote.codec.w3c.W3CHttpResponseCodec.createException(W3CHttpResponseCodec.java:200)
	at org.openqa.selenium.remote.codec.w3c.W3CHttpResponseCodec.decode(W3CHttpResponseCodec.java:133)
	at org.openqa.selenium.remote.codec.w3c.W3CHttpResponseCodec.decode(W3CHttpResponseCodec.java:52)
	at org.openqa.selenium.remote.HttpCommandExecutor.execute(HttpCommandExecutor.java:191)
	at org.openqa.selenium.remote.service.DriverCommandExecutor.invokeExecute(DriverCommandExecutor.java:200)
	at org.openqa.selenium.remote.service.DriverCommandExecutor.execute(DriverCommandExecutor.java:175)
	at org.openqa.selenium.remote.RemoteWebDriver.execute(RemoteWebDriver.java:607)
	at org.openqa.selenium.remote.ElementLocation$ElementFinder$2.findElement(ElementLocation.java:165)
	at org.openqa.selenium.remote.ElementLocation.findElement(ElementLocation.java:59)
	at org.openqa.selenium.remote.RemoteWebDriver.findElement(RemoteWebDriver.java:364)
	at org.openqa.selenium.remote.RemoteWebDriver.findElement(RemoteWebDriver.java:358)
	at PageObjects.editPgmPg.clickEditByname(editPgmPg.java:49)
	at StepDefinitions.editPgmStep.admin_updates_the_status_and_clicks_save_button(editPgmStep.java:151)
	at ✽.Admin updates the Status &quot;Manage Program&quot; 5  and clicks save button(file:///C:/Users/nsatc/git/Team17_Testing_Squad/src/test/resources/Features/03_03_editProgramDetails.feature:36)
</pre></div><a href='#' onClick='toggleBox("stack-trace1294083676", this, "Click to show all stack frames", "Click to hide stack frames")'>Click to show all stack frames</a>
<div class='stack-trace' id='stack-trace1294083676'><pre>org.openqa.selenium.NoSuchElementException: no such element: Unable to locate element: {&quot;method&quot;:&quot;xpath&quot;,&quot;selector&quot;:&quot;//td[normalize-space()=&apos;aapriyanga&apos;]//following-sibling::td//button[1]&quot;}
  (Session info: chrome=124.0.6367.79)
For documentation on this error, please visit: https://www.selenium.dev/documentation/webdriver/troubleshooting/errors#no-such-element-exception
Build info: version: &apos;4.15.0&apos;, revision: &apos;1d14b5521b&apos;
System info: os.name: &apos;Windows 11&apos;, os.arch: &apos;amd64&apos;, os.version: &apos;10.0&apos;, java.version: &apos;21.0.1&apos;
Driver info: org.openqa.selenium.chrome.ChromeDriver
Command: [507114f9899f50b14034efed007d6bca, findElement {using=xpath, value=//td[normalize-space()=&apos;aapriyanga&apos;]//following-sibling::td//button[1]}]
Capabilities {acceptInsecureCerts: false, browserName: chrome, browserVersion: 124.0.6367.79, chrome: {chromedriverVersion: 124.0.6367.91 (51df0e5e17a8..., userDataDir: C:\Users\nsatc\AppData\Loca...}, fedcm:accounts: true, goog:chromeOptions: {debuggerAddress: localhost:51485}, networkConnectionEnabled: false, pageLoadStrategy: normal, platformName: windows, proxy: Proxy(), se:cdp: ws://localhost:51485/devtoo..., se:cdpVersion: 124.0.6367.79, setWindowRect: true, strictFileInteractability: false, timeouts: {implicit: 0, pageLoad: 300000, script: 30000}, unhandledPromptBehavior: dismiss and notify, webauthn:extension:credBlob: true, webauthn:extension:largeBlob: true, webauthn:extension:minPinLength: true, webauthn:extension:prf: true, webauthn:virtualAuthenticators: true}
Session ID: 507114f9899f50b14034efed007d6bca
	at java.base/jdk.internal.reflect.DirectConstructorHandleAccessor.newInstance(DirectConstructorHandleAccessor.java:62)
	at java.base/java.lang.reflect.Constructor.newInstanceWithCaller(Constructor.java:502)
	at java.base/java.lang.reflect.Constructor.newInstance(Constructor.java:486)
	at org.openqa.selenium.remote.codec.w3c.W3CHttpResponseCodec.createException(W3CHttpResponseCodec.java:200)
	at org.openqa.selenium.remote.codec.w3c.W3CHttpResponseCodec.decode(W3CHttpResponseCodec.java:133)
	at org.openqa.selenium.remote.codec.w3c.W3CHttpResponseCodec.decode(W3CHttpResponseCodec.java:52)
	at org.openqa.selenium.remote.HttpCommandExecutor.execute(HttpCommandExecutor.java:191)
	at org.openqa.selenium.remote.service.DriverCommandExecutor.invokeExecute(DriverCommandExecutor.java:200)
	at org.openqa.selenium.remote.service.DriverCommandExecutor.execute(DriverCommandExecutor.java:175)
	at org.openqa.selenium.remote.RemoteWebDriver.execute(RemoteWebDriver.java:607)
	at org.openqa.selenium.remote.ElementLocation$ElementFinder$2.findElement(ElementLocation.java:165)
	at org.openqa.selenium.remote.ElementLocation.findElement(ElementLocation.java:59)
	at org.openqa.selenium.remote.RemoteWebDriver.findElement(RemoteWebDriver.java:364)
	at org.openqa.selenium.remote.RemoteWebDriver.findElement(RemoteWebDriver.java:358)
	at PageObjects.editPgmPg.clickEditByname(editPgmPg.java:49)
	at StepDefinitions.editPgmStep.admin_updates_the_status_and_clicks_save_button(editPgmStep.java:151)
	at ✽.Admin updates the Status &quot;Manage Program&quot; 5  and clicks save button(file:///C:/Users/nsatc/git/Team17_Testing_Squad/src/test/resources/Features/03_03_editProgramDetails.feature:36)
</pre></div></td>
<td>6</td>
<td>Runner.MyTestRunner@7d61eb55</td></tr>
<tr>
<td title='Runner.MyTestRunner.runScenario()'><b>runScenario</b><br>Test class: Runner.MyTestRunner<br>Test method: Runs Cucumber Scenarios<br>Parameters: "Validate Save button on Program Details form", "Optional[Add New Program]"</td>
<td><div><pre>java.lang.AssertionError: expected [true] but found [false]
	at org.testng.Assert.fail(Assert.java:110)
	at org.testng.Assert.failNotEquals(Assert.java:1577)
	at org.testng.Assert.assertTrue(Assert.java:56)
	at org.testng.Assert.assertTrue(Assert.java:66)
	at StepDefinitions.addNewPgmStep.admin_gets_a_message_successful_program_created_alert_and_able_to_see_the_new_program_added_in_the_data_table(addNewPgmStep.java:322)
	at ✽.Admin gets a message Successful Program Created alert and able to see the new program added in the data table(file:///C:/Users/nsatc/git/Team17_Testing_Squad/src/test/resources/Features/03_02_addNewProgram.feature:70)
</pre></div><a href='#' onClick='toggleBox("stack-trace2046030668", this, "Click to show all stack frames", "Click to hide stack frames")'>Click to show all stack frames</a>
<div class='stack-trace' id='stack-trace2046030668'><pre>java.lang.AssertionError: expected [true] but found [false]
	at org.testng.Assert.fail(Assert.java:110)
	at org.testng.Assert.failNotEquals(Assert.java:1577)
	at org.testng.Assert.assertTrue(Assert.java:56)
	at org.testng.Assert.assertTrue(Assert.java:66)
	at StepDefinitions.addNewPgmStep.admin_gets_a_message_successful_program_created_alert_and_able_to_see_the_new_program_added_in_the_data_table(addNewPgmStep.java:322)
	at ✽.Admin gets a message Successful Program Created alert and able to see the new program added in the data table(file:///C:/Users/nsatc/git/Team17_Testing_Squad/src/test/resources/Features/03_02_addNewProgram.feature:70)
</pre></div></td>
<td>1</td>
<td>Runner.MyTestRunner@7d61eb55</td></tr>
<tr>
<td title='Runner.MyTestRunner.runScenario()'><b>runScenario</b><br>Test class: Runner.MyTestRunner<br>Test method: Runs Cucumber Scenarios<br>Parameters: "Update Program description", "Optional[Update Program Details]"</td>
<td><div><pre>org.openqa.selenium.NoSuchElementException: no such element: Unable to locate element: {&quot;method&quot;:&quot;xpath&quot;,&quot;selector&quot;:&quot;//td[normalize-space()=&apos;aapriyanga&apos;]//following-sibling::td//button[1]&quot;}
  (Session info: chrome=124.0.6367.79)
For documentation on this error, please visit: https://www.selenium.dev/documentation/webdriver/troubleshooting/errors#no-such-element-exception
Build info: version: &apos;4.15.0&apos;, revision: &apos;1d14b5521b&apos;
System info: os.name: &apos;Windows 11&apos;, os.arch: &apos;amd64&apos;, os.version: &apos;10.0&apos;, java.version: &apos;21.0.1&apos;
Driver info: org.openqa.selenium.chrome.ChromeDriver
Command: [507114f9899f50b14034efed007d6bca, findElement {using=xpath, value=//td[normalize-space()=&apos;aapriyanga&apos;]//following-sibling::td//button[1]}]
Capabilities {acceptInsecureCerts: false, browserName: chrome, browserVersion: 124.0.6367.79, chrome: {chromedriverVersion: 124.0.6367.91 (51df0e5e17a8..., userDataDir: C:\Users\nsatc\AppData\Loca...}, fedcm:accounts: true, goog:chromeOptions: {debuggerAddress: localhost:51485}, networkConnectionEnabled: false, pageLoadStrategy: normal, platformName: windows, proxy: Proxy(), se:cdp: ws://localhost:51485/devtoo..., se:cdpVersion: 124.0.6367.79, setWindowRect: true, strictFileInteractability: false, timeouts: {implicit: 0, pageLoad: 300000, script: 30000}, unhandledPromptBehavior: dismiss and notify, webauthn:extension:credBlob: true, webauthn:extension:largeBlob: true, webauthn:extension:minPinLength: true, webauthn:extension:prf: true, webauthn:virtualAuthenticators: true}
Session ID: 507114f9899f50b14034efed007d6bca
	at java.base/jdk.internal.reflect.DirectConstructorHandleAccessor.newInstance(DirectConstructorHandleAccessor.java:62)
	at java.base/java.lang.reflect.Constructor.newInstanceWithCaller(Constructor.java:502)
	at java.base/java.lang.reflect.Constructor.newInstance(Constructor.java:486)
	at org.openqa.selenium.remote.codec.w3c.W3CHttpResponseCodec.createException(W3CHttpResponseCodec.java:200)
	at org.openqa.selenium.remote.codec.w3c.W3CHttpResponseCodec.decode(W3CHttpResponseCodec.java:133)
	at org.openqa.selenium.remote.codec.w3c.W3CHttpResponseCodec.decode(W3CHttpResponseCodec.java:52)
	at org.openqa.selenium.remote.HttpCommandExecutor.execute(HttpCommandExecutor.java:191)
	at org.openqa.selenium.remote.service.DriverCommandExecutor.invokeExecute(DriverCommandExecutor.java:200)
	at org.openqa.selenium.remote.service.DriverCommandExecutor.execute(DriverCommandExecutor.java:175)
	at org.openqa.selenium.remote.RemoteWebDriver.execute(RemoteWebDriver.java:607)
	at org.openqa.selenium.remote.ElementLocation$ElementFinder$2.findElement(ElementLocation.java:165)
	at org.openqa.selenium.remote.ElementLocation.findElement(ElementLocation.java:59)
	at org.openqa.selenium.remote.RemoteWebDriver.findElement(RemoteWebDriver.java:364)
	at org.openqa.selenium.remote.RemoteWebDriver.findElement(RemoteWebDriver.java:358)
	at PageObjects.editPgmPg.clickEditByname(editPgmPg.java:49)
	at StepDefinitions.editPgmStep.admin_updates_the_description_field_and_clicks_save_button(editPgmStep.java:120)
	at ✽.Admin updates the Description &quot;Manage Program&quot; 5  field and clicks save button(file:///C:/Users/nsatc/git/Team17_Testing_Squad/src/test/resources/Features/03_03_editProgramDetails.feature:27)
</pre></div><a href='#' onClick='toggleBox("stack-trace1298670487", this, "Click to show all stack frames", "Click to hide stack frames")'>Click to show all stack frames</a>
<div class='stack-trace' id='stack-trace1298670487'><pre>org.openqa.selenium.NoSuchElementException: no such element: Unable to locate element: {&quot;method&quot;:&quot;xpath&quot;,&quot;selector&quot;:&quot;//td[normalize-space()=&apos;aapriyanga&apos;]//following-sibling::td//button[1]&quot;}
  (Session info: chrome=124.0.6367.79)
For documentation on this error, please visit: https://www.selenium.dev/documentation/webdriver/troubleshooting/errors#no-such-element-exception
Build info: version: &apos;4.15.0&apos;, revision: &apos;1d14b5521b&apos;
System info: os.name: &apos;Windows 11&apos;, os.arch: &apos;amd64&apos;, os.version: &apos;10.0&apos;, java.version: &apos;21.0.1&apos;
Driver info: org.openqa.selenium.chrome.ChromeDriver
Command: [507114f9899f50b14034efed007d6bca, findElement {using=xpath, value=//td[normalize-space()=&apos;aapriyanga&apos;]//following-sibling::td//button[1]}]
Capabilities {acceptInsecureCerts: false, browserName: chrome, browserVersion: 124.0.6367.79, chrome: {chromedriverVersion: 124.0.6367.91 (51df0e5e17a8..., userDataDir: C:\Users\nsatc\AppData\Loca...}, fedcm:accounts: true, goog:chromeOptions: {debuggerAddress: localhost:51485}, networkConnectionEnabled: false, pageLoadStrategy: normal, platformName: windows, proxy: Proxy(), se:cdp: ws://localhost:51485/devtoo..., se:cdpVersion: 124.0.6367.79, setWindowRect: true, strictFileInteractability: false, timeouts: {implicit: 0, pageLoad: 300000, script: 30000}, unhandledPromptBehavior: dismiss and notify, webauthn:extension:credBlob: true, webauthn:extension:largeBlob: true, webauthn:extension:minPinLength: true, webauthn:extension:prf: true, webauthn:virtualAuthenticators: true}
Session ID: 507114f9899f50b14034efed007d6bca
	at java.base/jdk.internal.reflect.DirectConstructorHandleAccessor.newInstance(DirectConstructorHandleAccessor.java:62)
	at java.base/java.lang.reflect.Constructor.newInstanceWithCaller(Constructor.java:502)
	at java.base/java.lang.reflect.Constructor.newInstance(Constructor.java:486)
	at org.openqa.selenium.remote.codec.w3c.W3CHttpResponseCodec.createException(W3CHttpResponseCodec.java:200)
	at org.openqa.selenium.remote.codec.w3c.W3CHttpResponseCodec.decode(W3CHttpResponseCodec.java:133)
	at org.openqa.selenium.remote.codec.w3c.W3CHttpResponseCodec.decode(W3CHttpResponseCodec.java:52)
	at org.openqa.selenium.remote.HttpCommandExecutor.execute(HttpCommandExecutor.java:191)
	at org.openqa.selenium.remote.service.DriverCommandExecutor.invokeExecute(DriverCommandExecutor.java:200)
	at org.openqa.selenium.remote.service.DriverCommandExecutor.execute(DriverCommandExecutor.java:175)
	at org.openqa.selenium.remote.RemoteWebDriver.execute(RemoteWebDriver.java:607)
	at org.openqa.selenium.remote.ElementLocation$ElementFinder$2.findElement(ElementLocation.java:165)
	at org.openqa.selenium.remote.ElementLocation.findElement(ElementLocation.java:59)
	at org.openqa.selenium.remote.RemoteWebDriver.findElement(RemoteWebDriver.java:364)
	at org.openqa.selenium.remote.RemoteWebDriver.findElement(RemoteWebDriver.java:358)
	at PageObjects.editPgmPg.clickEditByname(editPgmPg.java:49)
	at StepDefinitions.editPgmStep.admin_updates_the_description_field_and_clicks_save_button(editPgmStep.java:120)
	at ✽.Admin updates the Description &quot;Manage Program&quot; 5  field and clicks save button(file:///C:/Users/nsatc/git/Team17_Testing_Squad/src/test/resources/Features/03_03_editProgramDetails.feature:27)
</pre></div></td>
<td>6</td>
<td>Runner.MyTestRunner@7d61eb55</td></tr>
<tr>
<td title='Runner.MyTestRunner.runScenario()'><b>runScenario</b><br>Test class: Runner.MyTestRunner<br>Test method: Runs Cucumber Scenarios<br>Parameters: "Check if user is created when only mandatory fields are entered with valid data", "Optional[User Details Popup Validation]"</td>
<td><div><pre>org.openqa.selenium.NoSuchElementException: no such element: Unable to locate element: {&quot;method&quot;:&quot;xpath&quot;,&quot;selector&quot;:&quot;//div[text()=&apos;User Added Successfully&apos;]&quot;}
  (Session info: chrome=124.0.6367.79)
For documentation on this error, please visit: https://www.selenium.dev/documentation/webdriver/troubleshooting/errors#no-such-element-exception
Build info: version: &apos;4.15.0&apos;, revision: &apos;1d14b5521b&apos;
System info: os.name: &apos;Windows 11&apos;, os.arch: &apos;amd64&apos;, os.version: &apos;10.0&apos;, java.version: &apos;21.0.1&apos;
Driver info: org.openqa.selenium.chrome.ChromeDriver
Command: [507114f9899f50b14034efed007d6bca, findElement {using=xpath, value=//div[text()=&apos;User Added Successfully&apos;]}]
Capabilities {acceptInsecureCerts: false, browserName: chrome, browserVersion: 124.0.6367.79, chrome: {chromedriverVersion: 124.0.6367.91 (51df0e5e17a8..., userDataDir: C:\Users\nsatc\AppData\Loca...}, fedcm:accounts: true, goog:chromeOptions: {debuggerAddress: localhost:51485}, networkConnectionEnabled: false, pageLoadStrategy: normal, platformName: windows, proxy: Proxy(), se:cdp: ws://localhost:51485/devtoo..., se:cdpVersion: 124.0.6367.79, setWindowRect: true, strictFileInteractability: false, timeouts: {implicit: 0, pageLoad: 300000, script: 30000}, unhandledPromptBehavior: dismiss and notify, webauthn:extension:credBlob: true, webauthn:extension:largeBlob: true, webauthn:extension:minPinLength: true, webauthn:extension:prf: true, webauthn:virtualAuthenticators: true}
Session ID: 507114f9899f50b14034efed007d6bca
	at java.base/jdk.internal.reflect.DirectConstructorHandleAccessor.newInstance(DirectConstructorHandleAccessor.java:62)
	at java.base/java.lang.reflect.Constructor.newInstanceWithCaller(Constructor.java:502)
	at java.base/java.lang.reflect.Constructor.newInstance(Constructor.java:486)
	at org.openqa.selenium.remote.codec.w3c.W3CHttpResponseCodec.createException(W3CHttpResponseCodec.java:200)
	at org.openqa.selenium.remote.codec.w3c.W3CHttpResponseCodec.decode(W3CHttpResponseCodec.java:133)
	at org.openqa.selenium.remote.codec.w3c.W3CHttpResponseCodec.decode(W3CHttpResponseCodec.java:52)
	at org.openqa.selenium.remote.HttpCommandExecutor.execute(HttpCommandExecutor.java:191)
	at org.openqa.selenium.remote.service.DriverCommandExecutor.invokeExecute(DriverCommandExecutor.java:200)
	at org.openqa.selenium.remote.service.DriverCommandExecutor.execute(DriverCommandExecutor.java:175)
	at org.openqa.selenium.remote.RemoteWebDriver.execute(RemoteWebDriver.java:607)
	at org.openqa.selenium.remote.ElementLocation$ElementFinder$2.findElement(ElementLocation.java:165)
	at org.openqa.selenium.remote.ElementLocation.findElement(ElementLocation.java:59)
	at org.openqa.selenium.remote.RemoteWebDriver.findElement(RemoteWebDriver.java:364)
	at org.openqa.selenium.remote.RemoteWebDriver.findElement(RemoteWebDriver.java:358)
	at PageObjects.addUserPage.getSucessMsg(addUserPage.java:212)
	at StepDefinitions.AddUserPageSteps.admin_gets_a_message(AddUserPageSteps.java:111)
	at ✽.Admin gets a message &quot;User Added Successfully&quot;(file:///C:/Users/nsatc/git/Team17_Testing_Squad/src/test/resources/Features/05_02addUser.feature:50)
</pre></div><a href='#' onClick='toggleBox("stack-trace1748052078", this, "Click to show all stack frames", "Click to hide stack frames")'>Click to show all stack frames</a>
<div class='stack-trace' id='stack-trace1748052078'><pre>org.openqa.selenium.NoSuchElementException: no such element: Unable to locate element: {&quot;method&quot;:&quot;xpath&quot;,&quot;selector&quot;:&quot;//div[text()=&apos;User Added Successfully&apos;]&quot;}
  (Session info: chrome=124.0.6367.79)
For documentation on this error, please visit: https://www.selenium.dev/documentation/webdriver/troubleshooting/errors#no-such-element-exception
Build info: version: &apos;4.15.0&apos;, revision: &apos;1d14b5521b&apos;
System info: os.name: &apos;Windows 11&apos;, os.arch: &apos;amd64&apos;, os.version: &apos;10.0&apos;, java.version: &apos;21.0.1&apos;
Driver info: org.openqa.selenium.chrome.ChromeDriver
Command: [507114f9899f50b14034efed007d6bca, findElement {using=xpath, value=//div[text()=&apos;User Added Successfully&apos;]}]
Capabilities {acceptInsecureCerts: false, browserName: chrome, browserVersion: 124.0.6367.79, chrome: {chromedriverVersion: 124.0.6367.91 (51df0e5e17a8..., userDataDir: C:\Users\nsatc\AppData\Loca...}, fedcm:accounts: true, goog:chromeOptions: {debuggerAddress: localhost:51485}, networkConnectionEnabled: false, pageLoadStrategy: normal, platformName: windows, proxy: Proxy(), se:cdp: ws://localhost:51485/devtoo..., se:cdpVersion: 124.0.6367.79, setWindowRect: true, strictFileInteractability: false, timeouts: {implicit: 0, pageLoad: 300000, script: 30000}, unhandledPromptBehavior: dismiss and notify, webauthn:extension:credBlob: true, webauthn:extension:largeBlob: true, webauthn:extension:minPinLength: true, webauthn:extension:prf: true, webauthn:virtualAuthenticators: true}
Session ID: 507114f9899f50b14034efed007d6bca
	at java.base/jdk.internal.reflect.DirectConstructorHandleAccessor.newInstance(DirectConstructorHandleAccessor.java:62)
	at java.base/java.lang.reflect.Constructor.newInstanceWithCaller(Constructor.java:502)
	at java.base/java.lang.reflect.Constructor.newInstance(Constructor.java:486)
	at org.openqa.selenium.remote.codec.w3c.W3CHttpResponseCodec.createException(W3CHttpResponseCodec.java:200)
	at org.openqa.selenium.remote.codec.w3c.W3CHttpResponseCodec.decode(W3CHttpResponseCodec.java:133)
	at org.openqa.selenium.remote.codec.w3c.W3CHttpResponseCodec.decode(W3CHttpResponseCodec.java:52)
	at org.openqa.selenium.remote.HttpCommandExecutor.execute(HttpCommandExecutor.java:191)
	at org.openqa.selenium.remote.service.DriverCommandExecutor.invokeExecute(DriverCommandExecutor.java:200)
	at org.openqa.selenium.remote.service.DriverCommandExecutor.execute(DriverCommandExecutor.java:175)
	at org.openqa.selenium.remote.RemoteWebDriver.execute(RemoteWebDriver.java:607)
	at org.openqa.selenium.remote.ElementLocation$ElementFinder$2.findElement(ElementLocation.java:165)
	at org.openqa.selenium.remote.ElementLocation.findElement(ElementLocation.java:59)
	at org.openqa.selenium.remote.RemoteWebDriver.findElement(RemoteWebDriver.java:364)
	at org.openqa.selenium.remote.RemoteWebDriver.findElement(RemoteWebDriver.java:358)
	at PageObjects.addUserPage.getSucessMsg(addUserPage.java:212)
	at StepDefinitions.AddUserPageSteps.admin_gets_a_message(AddUserPageSteps.java:111)
	at ✽.Admin gets a message &quot;User Added Successfully&quot;(file:///C:/Users/nsatc/git/Team17_Testing_Squad/src/test/resources/Features/05_02addUser.feature:50)
</pre></div></td>
<td>7</td>
<td>Runner.MyTestRunner@7d61eb55</td></tr>
</table><p>
<table width='100%' border='1' class='invocation-passed'>
<tr><td colspan='4' align='center'><b>PASSED TESTS</b></td></tr>
<tr><td><b>Test method</b></td>
<td><b>Attribute(s)</b></td>
<td width="30%"><b>Exception</b></td>
<td width="10%"><b>Time (seconds)</b></td>
<td><b>Instance</b></td>
</tr>
<tr>
<td title='Runner.MyTestRunner.runScenario()'><b>runScenario</b><br>Test class: Runner.MyTestRunner<br>Test method: Runs Cucumber Scenarios<br>Parameters: "Validate login with valid credentials", "Optional[Home Page Verification]"</td>
<td></td>
<td>3</td>
<td>Runner.MyTestRunner@7d61eb55</td></tr>
<tr>
<td title='Runner.MyTestRunner.runScenario()'><b>runScenario</b><br>Test class: Runner.MyTestRunner<br>Test method: Runs Cucumber Scenarios<br>Parameters: "Validate multiple program deletion by selecting multiple check boxes", "Optional[Multiple Delete Program]"</td>
<td></td>
<td>15</td>
<td>Runner.MyTestRunner@7d61eb55</td></tr>
<tr>
<td title='Runner.MyTestRunner.runScenario()'><b>runScenario</b><br>Test class: Runner.MyTestRunner<br>Test method: Runs Cucumber Scenarios<br>Parameters: "Validate invalid values on the text fields", "Optional[Update Program Details]"</td>
<td></td>
<td>3</td>
<td>Runner.MyTestRunner@7d61eb55</td></tr>
<tr>
<td title='Runner.MyTestRunner.runScenario()'><b>runScenario</b><br>Test class: Runner.MyTestRunner<br>Test method: Runs Cucumber Scenarios<br>Parameters: "Validate User page elements", "Optional[User page validation]"</td>
<td></td>
<td>1</td>
<td>Runner.MyTestRunner@7d61eb55</td></tr>
<tr>
<td title='Runner.MyTestRunner.runScenario()'><b>runScenario</b><br>Test class: Runner.MyTestRunner<br>Test method: Runs Cucumber Scenarios<br>Parameters: "Validate invalid values on the text fields", "Optional[Update Program Details]"</td>
<td></td>
<td>3</td>
<td>Runner.MyTestRunner@7d61eb55</td></tr>
<tr>
<td title='Runner.MyTestRunner.runScenario()'><b>runScenario</b><br>Test class: Runner.MyTestRunner<br>Test method: Runs Cucumber Scenarios<br>Parameters: "Enter only Program Name", "Optional[Add New Program]"</td>
<td></td>
<td>3</td>
<td>Runner.MyTestRunner@7d61eb55</td></tr>
<tr>
<td title='Runner.MyTestRunner.runScenario()'><b>runScenario</b><br>Test class: Runner.MyTestRunner<br>Test method: Runs Cucumber Scenarios<br>Parameters: "Validate Fields are displayed in LoginPage", "Optional[Home Page Verification]"</td>
<td></td>
<td>0</td>
<td>Runner.MyTestRunner@7d61eb55</td></tr>
<tr>
<td title='Runner.MyTestRunner.runScenario()'><b>runScenario</b><br>Test class: Runner.MyTestRunner<br>Test method: Runs Cucumber Scenarios<br>Parameters: "Validate field allignments in loginPage", "Optional[Home Page Verification]"</td>
<td></td>
<td>0</td>
<td>Runner.MyTestRunner@7d61eb55</td></tr>
<tr>
<td title='Runner.MyTestRunner.runScenario()'><b>runScenario</b><br>Test class: Runner.MyTestRunner<br>Test method: Runs Cucumber Scenarios<br>Parameters: "Validate User page elements", "Optional[User page validation]"</td>
<td></td>
<td>1</td>
<td>Runner.MyTestRunner@7d61eb55</td></tr>
<tr>
<td title='Runner.MyTestRunner.runScenario()'><b>runScenario</b><br>Test class: Runner.MyTestRunner<br>Test method: Runs Cucumber Scenarios<br>Parameters: "Validate Fields are displayed in LoginPage", "Optional[Home Page Verification]"</td>
<td></td>
<td>0</td>
<td>Runner.MyTestRunner@7d61eb55</td></tr>
<tr>
<td title='Runner.MyTestRunner.runScenario()'><b>runScenario</b><br>Test class: Runner.MyTestRunner<br>Test method: Runs Cucumber Scenarios<br>Parameters: "Validate correct order in navigation bar", "Optional[Dashboard Verification]"</td>
<td></td>
<td>1</td>
<td>Runner.MyTestRunner@7d61eb55</td></tr>
<tr>
<td title='Runner.MyTestRunner.runScenario()'><b>runScenario</b><br>Test class: Runner.MyTestRunner<br>Test method: Runs Cucumber Scenarios<br>Parameters: "Validate invalid values on the text fields", "Optional[Update Program Details]"</td>
<td></td>
<td>3</td>
<td>Runner.MyTestRunner@7d61eb55</td></tr>
<tr>
<td title='Runner.MyTestRunner.runScenario()'><b>runScenario</b><br>Test class: Runner.MyTestRunner<br>Test method: Runs Cucumber Scenarios<br>Parameters: "Validate Cancel or Close X icon on Program Details form", "Optional[Add New Program]"</td>
<td></td>
<td>0</td>
<td>Runner.MyTestRunner@7d61eb55</td></tr>
<tr>
<td title='Runner.MyTestRunner.runScenario()'><b>runScenario</b><br>Test class: Runner.MyTestRunner<br>Test method: Runs Cucumber Scenarios<br>Parameters: "Validate  field alignment in DashboardPage", "Optional[Dashboard Verification]"</td>
<td></td>
<td>1</td>
<td>Runner.MyTestRunner@7d61eb55</td></tr>
<tr>
<td title='Runner.MyTestRunner.runScenario()'><b>runScenario</b><br>Test class: Runner.MyTestRunner<br>Test method: Runs Cucumber Scenarios<br>Parameters: "Validate Cancel/Close(X) icon on User Details form", "Optional[User Details Popup Validation]"</td>
<td></td>
<td>7</td>
<td>Runner.MyTestRunner@7d61eb55</td></tr>
<tr>
<td title='Runner.MyTestRunner.runScenario()'><b>runScenario</b><br>Test class: Runner.MyTestRunner<br>Test method: Runs Cucumber Scenarios<br>Parameters: "Validate data rows for edit icon", "Optional[Batch Page Validation]"</td>
<td></td>
<td>0</td>
<td>Runner.MyTestRunner@7d61eb55</td></tr>
<tr>
<td title='Runner.MyTestRunner.runScenario()'><b>runScenario</b><br>Test class: Runner.MyTestRunner<br>Test method: Runs Cucumber Scenarios<br>Parameters: "Validate User page elements", "Optional[User page validation]"</td>
<td></td>
<td>1</td>
<td>Runner.MyTestRunner@7d61eb55</td></tr>
<tr>
<td title='Runner.MyTestRunner.runScenario()'><b>runScenario</b><br>Test class: Runner.MyTestRunner<br>Test method: Runs Cucumber Scenarios<br>Parameters: "Validate login page elements and invalid credentials", "Optional[Home Page Verification]"</td>
<td></td>
<td>1</td>
<td>Runner.MyTestRunner@7d61eb55</td></tr>
<tr>
<td title='Runner.MyTestRunner.runScenario()'><b>runScenario</b><br>Test class: Runner.MyTestRunner<br>Test method: Runs Cucumber Scenarios<br>Parameters: "Validate url for UserPg", "Optional[User page validation]"</td>
<td></td>
<td>1</td>
<td>Runner.MyTestRunner@7d61eb55</td></tr>
<tr>
<td title='Runner.MyTestRunner.runScenario()'><b>runScenario</b><br>Test class: Runner.MyTestRunner<br>Test method: Runs Cucumber Scenarios<br>Parameters: "Update User Details", "Optional[Update User Details]"</td>
<td></td>
<td>1</td>
<td>Runner.MyTestRunner@7d61eb55</td></tr>
<tr>
<td title='Runner.MyTestRunner.runScenario()'><b>runScenario</b><br>Test class: Runner.MyTestRunner<br>Test method: Runs Cucumber Scenarios<br>Parameters: "Validate User page elements", "Optional[User page validation]"</td>
<td></td>
<td>1</td>
<td>Runner.MyTestRunner@7d61eb55</td></tr>
<tr>
<td title='Runner.MyTestRunner.runScenario()'><b>runScenario</b><br>Test class: Runner.MyTestRunner<br>Test method: Runs Cucumber Scenarios<br>Parameters: "Validate input fields and text boxes in user details form", "Optional[User Details Popup Validation]"</td>
<td></td>
<td>0</td>
<td>Runner.MyTestRunner@7d61eb55</td></tr>
<tr>
<td title='Runner.MyTestRunner.runScenario()'><b>runScenario</b><br>Test class: Runner.MyTestRunner<br>Test method: Runs Cucumber Scenarios<br>Parameters: "Validate multiple program deletion by selecting Single checkbox", "Optional[Multiple Delete Program]"</td>
<td></td>
<td>10</td>
<td>Runner.MyTestRunner@7d61eb55</td></tr>
<tr>
<td title='Runner.MyTestRunner.runScenario()'><b>runScenario</b><br>Test class: Runner.MyTestRunner<br>Test method: Runs Cucumber Scenarios<br>Parameters: "Enter only Program Description", "Optional[Add New Program]"</td>
<td></td>
<td>1</td>
<td>Runner.MyTestRunner@7d61eb55</td></tr>
<tr>
<td title='Runner.MyTestRunner.runScenario()'><b>runScenario</b><br>Test class: Runner.MyTestRunner<br>Test method: Runs Cucumber Scenarios<br>Parameters: "Validate landing in Batch page", "Optional[Batch Page Validation]"</td>
<td></td>
<td>0</td>
<td>Runner.MyTestRunner@7d61eb55</td></tr>
<tr>
<td title='Runner.MyTestRunner.runScenario()'><b>runScenario</b><br>Test class: Runner.MyTestRunner<br>Test method: Runs Cucumber Scenarios<br>Parameters: "Validate logo is displayed in loginPage", "Optional[Home Page Verification]"</td>
<td></td>
<td>2</td>
<td>Runner.MyTestRunner@7d61eb55</td></tr>
<tr>
<td title='Runner.MyTestRunner.runScenario()'><b>runScenario</b><br>Test class: Runner.MyTestRunner<br>Test method: Runs Cucumber Scenarios<br>Parameters: "Check if the fields are updated", "Optional[Edit Batch]"</td>
<td></td>
<td>0</td>
<td>Runner.MyTestRunner@7d61eb55</td></tr>
<tr>
<td title='Runner.MyTestRunner.runScenario()'><b>runScenario</b><br>Test class: Runner.MyTestRunner<br>Test method: Runs Cucumber Scenarios<br>Parameters: "Check if you get error message when mandatory fields are erased", "Optional[Edit Batch]"</td>
<td></td>
<td>0</td>
<td>Runner.MyTestRunner@7d61eb55</td></tr>
<tr>
<td title='Runner.MyTestRunner.runScenario()'><b>runScenario</b><br>Test class: Runner.MyTestRunner<br>Test method: Runs Cucumber Scenarios<br>Parameters: "Validate Fields are displayed in LoginPage", "Optional[Home Page Verification]"</td>
<td></td>
<td>0</td>
<td>Runner.MyTestRunner@7d61eb55</td></tr>
<tr>
<td title='Runner.MyTestRunner.runScenario()'><b>runScenario</b><br>Test class: Runner.MyTestRunner<br>Test method: Runs Cucumber Scenarios<br>Parameters: "Validate details for Confirm Deletion form", "Optional[Delete Program details]"</td>
<td></td>
<td>0</td>
<td>Runner.MyTestRunner@7d61eb55</td></tr>
<tr>
<td title='Runner.MyTestRunner.runScenario()'><b>runScenario</b><br>Test class: Runner.MyTestRunner<br>Test method: Runs Cucumber Scenarios<br>Parameters: "Validate pagination in the Batch Page", "Optional[Batch Page Validation]"</td>
<td></td>
<td>0</td>
<td>Runner.MyTestRunner@7d61eb55</td></tr>
<tr>
<td title='Runner.MyTestRunner.runScenario()'><b>runScenario</b><br>Test class: Runner.MyTestRunner<br>Test method: Runs Cucumber Scenarios<br>Parameters: "Validating the Search with unrelated keyword", "Optional[User page validation]"</td>
<td></td>
<td>6</td>
<td>Runner.MyTestRunner@7d61eb55</td></tr>
<tr>
<td title='Runner.MyTestRunner.runScenario()'><b>runScenario</b><br>Test class: Runner.MyTestRunner<br>Test method: Runs Cucumber Scenarios<br>Parameters: "Verify after login  admin lands on manage program as dashboard page", "Optional[Dashboard Verification]"</td>
<td></td>
<td>2</td>
<td>Runner.MyTestRunner@7d61eb55</td></tr>
<tr>
<td title='Runner.MyTestRunner.runScenario()'><b>runScenario</b><br>Test class: Runner.MyTestRunner<br>Test method: Runs Cucumber Scenarios<br>Parameters: "Check if the fields exist in pop", "Optional[Add New Batch]"</td>
<td></td>
<td>0</td>
<td>Runner.MyTestRunner@7d61eb55</td></tr>
<tr>
<td title='Runner.MyTestRunner.runScenario()'><b>runScenario</b><br>Test class: Runner.MyTestRunner<br>Test method: Runs Cucumber Scenarios<br>Parameters: "Select Status only", "Optional[Add New Program]"</td>
<td></td>
<td>1</td>
<td>Runner.MyTestRunner@7d61eb55</td></tr>
<tr>
<td title='Runner.MyTestRunner.runScenario()'><b>runScenario</b><br>Test class: Runner.MyTestRunner<br>Test method: Runs Cucumber Scenarios<br>Parameters: "Validate correct order in navigation bar", "Optional[Dashboard Verification]"</td>
<td></td>
<td>1</td>
<td>Runner.MyTestRunner@7d61eb55</td></tr>
<tr>
<td title='Runner.MyTestRunner.runScenario()'><b>runScenario</b><br>Test class: Runner.MyTestRunner<br>Test method: Runs Cucumber Scenarios<br>Parameters: "Validate User page elements", "Optional[User page validation]"</td>
<td></td>
<td>1</td>
<td>Runner.MyTestRunner@7d61eb55</td></tr>
<tr>
<td title='Runner.MyTestRunner.runScenario()'><b>runScenario</b><br>Test class: Runner.MyTestRunner<br>Test method: Runs Cucumber Scenarios<br>Parameters: "Validate login page elements and invalid credentials", "Optional[Home Page Verification]"</td>
<td></td>
<td>1</td>
<td>Runner.MyTestRunner@7d61eb55</td></tr>
<tr>
<td title='Runner.MyTestRunner.runScenario()'><b>runScenario</b><br>Test class: Runner.MyTestRunner<br>Test method: Runs Cucumber Scenarios<br>Parameters: "Validate invalid values on the text column", "Optional[Add New Program]"</td>
<td></td>
<td>1</td>
<td>Runner.MyTestRunner@7d61eb55</td></tr>
<tr>
<td title='Runner.MyTestRunner.runScenario()'><b>runScenario</b><br>Test class: Runner.MyTestRunner<br>Test method: Runs Cucumber Scenarios<br>Parameters: "Check for single row delete", "Optional[Delete Multiple Batches]"</td>
<td></td>
<td>0</td>
<td>Runner.MyTestRunner@7d61eb55</td></tr>
<tr>
<td title='Runner.MyTestRunner.runScenario()'><b>runScenario</b><br>Test class: Runner.MyTestRunner<br>Test method: Runs Cucumber Scenarios<br>Parameters: "Verify after login  admin lands on manage program as dashboard page", "Optional[Dashboard Verification]"</td>
<td></td>
<td>1</td>
<td>Runner.MyTestRunner@7d61eb55</td></tr>
<tr>
<td title='Runner.MyTestRunner.runScenario()'><b>runScenario</b><br>Test class: Runner.MyTestRunner<br>Test method: Runs Cucumber Scenarios<br>Parameters: "Validate elements in Program page", "Optional[Manage Program Page Validation]"</td>
<td></td>
<td>0</td>
<td>Runner.MyTestRunner@7d61eb55</td></tr>
<tr>
<td title='Runner.MyTestRunner.runScenario()'><b>runScenario</b><br>Test class: Runner.MyTestRunner<br>Test method: Runs Cucumber Scenarios<br>Parameters: "Validate elements in Program page", "Optional[Manage Program Page Validation]"</td>
<td></td>
<td>0</td>
<td>Runner.MyTestRunner@7d61eb55</td></tr>
<tr>
<td title='Runner.MyTestRunner.runScenario()'><b>runScenario</b><br>Test class: Runner.MyTestRunner<br>Test method: Runs Cucumber Scenarios<br>Parameters: "Validate the delete icon below the header", "Optional[Delete Multiple Batches]"</td>
<td></td>
<td>0</td>
<td>Runner.MyTestRunner@7d61eb55</td></tr>
<tr>
<td title='Runner.MyTestRunner.runScenario()'><b>runScenario</b><br>Test class: Runner.MyTestRunner<br>Test method: Runs Cucumber Scenarios<br>Parameters: "Check if the fields exist in pop", "Optional[Add New Batch]"</td>
<td></td>
<td>0</td>
<td>Runner.MyTestRunner@7d61eb55</td></tr>
<tr>
<td title='Runner.MyTestRunner.runScenario()'><b>runScenario</b><br>Test class: Runner.MyTestRunner<br>Test method: Runs Cucumber Scenarios<br>Parameters: "Check if user is created when invalid data is entered in all of the fields", "Optional[User Details Popup Validation]"</td>
<td></td>
<td>2</td>
<td>Runner.MyTestRunner@7d61eb55</td></tr>
<tr>
<td title='Runner.MyTestRunner.runScenario()'><b>runScenario</b><br>Test class: Runner.MyTestRunner<br>Test method: Runs Cucumber Scenarios<br>Parameters: "Click No on deletion window", "Optional[Delete Program details]"</td>
<td></td>
<td>5</td>
<td>Runner.MyTestRunner@7d61eb55</td></tr>
<tr>
<td title='Runner.MyTestRunner.runScenario()'><b>runScenario</b><br>Test class: Runner.MyTestRunner<br>Test method: Runs Cucumber Scenarios<br>Parameters: "Check for error messages for invalid fields", "Optional[Add New Batch]"</td>
<td></td>
<td>2</td>
<td>Runner.MyTestRunner@7d61eb55</td></tr>
<tr>
<td title='Runner.MyTestRunner.runScenario()'><b>runScenario</b><br>Test class: Runner.MyTestRunner<br>Test method: Runs Cucumber Scenarios<br>Parameters: "Validates Sorting(data ordering) on the Program Data table", "Optional[Sorting Validation]"</td>
<td></td>
<td>6</td>
<td>Runner.MyTestRunner@7d61eb55</td></tr>
<tr>
<td title='Runner.MyTestRunner.runScenario()'><b>runScenario</b><br>Test class: Runner.MyTestRunner<br>Test method: Runs Cucumber Scenarios<br>Parameters: "Check if description field is optional in update", "Optional[Edit Batch]"</td>
<td></td>
<td>0</td>
<td>Runner.MyTestRunner@7d61eb55</td></tr>
<tr>
<td title='Runner.MyTestRunner.runScenario()'><b>runScenario</b><br>Test class: Runner.MyTestRunner<br>Test method: Runs Cucumber Scenarios<br>Parameters: "Validate Cancel button on Edit modal", "Optional[Update Program Details]"</td>
<td></td>
<td>2</td>
<td>Runner.MyTestRunner@7d61eb55</td></tr>
<tr>
<td title='Runner.MyTestRunner.runScenario()'><b>runScenario</b><br>Test class: Runner.MyTestRunner<br>Test method: Runs Cucumber Scenarios<br>Parameters: "Validate elements in Program deatails modal are visible", "Optional[Add New Program]"</td>
<td></td>
<td>0</td>
<td>Runner.MyTestRunner@7d61eb55</td></tr>
<tr>
<td title='Runner.MyTestRunner.runScenario()'><b>runScenario</b><br>Test class: Runner.MyTestRunner<br>Test method: Runs Cucumber Scenarios<br>Parameters: "Validate  field alignment in DashboardPage", "Optional[Dashboard Verification]"</td>
<td></td>
<td>1</td>
<td>Runner.MyTestRunner@7d61eb55</td></tr>
<tr>
<td title='Runner.MyTestRunner.runScenario()'><b>runScenario</b><br>Test class: Runner.MyTestRunner<br>Test method: Runs Cucumber Scenarios<br>Parameters: "Validate User page elements", "Optional[User page validation]"</td>
<td></td>
<td>1</td>
<td>Runner.MyTestRunner@7d61eb55</td></tr>
<tr>
<td title='Runner.MyTestRunner.runScenario()'><b>runScenario</b><br>Test class: Runner.MyTestRunner<br>Test method: Runs Cucumber Scenarios<br>Parameters: "Validate '+ A New batch' in Batch Page", "Optional[Batch Page Validation]"</td>
<td></td>
<td>0</td>
<td>Runner.MyTestRunner@7d61eb55</td></tr>
<tr>
<td title='Runner.MyTestRunner.runScenario()'><b>runScenario</b><br>Test class: Runner.MyTestRunner<br>Test method: Runs Cucumber Scenarios<br>Parameters: "Validate loginpage color", "Optional[Home Page Verification]"</td>
<td></td>
<td>0</td>
<td>Runner.MyTestRunner@7d61eb55</td></tr>
<tr>
<td title='Runner.MyTestRunner.runScenario()'><b>runScenario</b><br>Test class: Runner.MyTestRunner<br>Test method: Runs Cucumber Scenarios<br>Parameters: "Validate User page elements", "Optional[User page validation]"</td>
<td></td>
<td>1</td>
<td>Runner.MyTestRunner@7d61eb55</td></tr>
<tr>
<td title='Runner.MyTestRunner.runScenario()'><b>runScenario</b><br>Test class: Runner.MyTestRunner<br>Test method: Runs Cucumber Scenarios<br>Parameters: "Validate Fields are displayed in LoginPage", "Optional[Home Page Verification]"</td>
<td></td>
<td>0</td>
<td>Runner.MyTestRunner@7d61eb55</td></tr>
<tr>
<td title='Runner.MyTestRunner.runScenario()'><b>runScenario</b><br>Test class: Runner.MyTestRunner<br>Test method: Runs Cucumber Scenarios<br>Parameters: "Verify Last page link", "Optional[Pagination]"</td>
<td></td>
<td>8</td>
<td>Runner.MyTestRunner@7d61eb55</td></tr>
<tr>
<td title='Runner.MyTestRunner.runScenario()'><b>runScenario</b><br>Test class: Runner.MyTestRunner<br>Test method: Runs Cucumber Scenarios<br>Parameters: "Validate User page elements", "Optional[User page validation]"</td>
<td></td>
<td>1</td>
<td>Runner.MyTestRunner@7d61eb55</td></tr>
<tr>
<td title='Runner.MyTestRunner.runScenario()'><b>runScenario</b><br>Test class: Runner.MyTestRunner<br>Test method: Runs Cucumber Scenarios<br>Parameters: "Validate row level delete icon", "Optional[Delete Batch]"</td>
<td></td>
<td>0</td>
<td>Runner.MyTestRunner@7d61eb55</td></tr>
<tr>
<td title='Runner.MyTestRunner.runScenario()'><b>runScenario</b><br>Test class: Runner.MyTestRunner<br>Test method: Runs Cucumber Scenarios<br>Parameters: "Validate elements in Program page", "Optional[Manage Program Page Validation]"</td>
<td></td>
<td>0</td>
<td>Runner.MyTestRunner@7d61eb55</td></tr>
<tr>
<td title='Runner.MyTestRunner.runScenario()'><b>runScenario</b><br>Test class: Runner.MyTestRunner<br>Test method: Runs Cucumber Scenarios<br>Parameters: "Check if the fields exist in pop", "Optional[Add New Batch]"</td>
<td></td>
<td>0</td>
<td>Runner.MyTestRunner@7d61eb55</td></tr>
<tr>
<td title='Runner.MyTestRunner.runScenario()'><b>runScenario</b><br>Test class: Runner.MyTestRunner<br>Test method: Runs Cucumber Scenarios<br>Parameters: "Validate Cancel button on User Details form", "Optional[User Details Popup Validation]"</td>
<td></td>
<td>6</td>
<td>Runner.MyTestRunner@7d61eb55</td></tr>
<tr>
<td title='Runner.MyTestRunner.runScenario()'><b>runScenario</b><br>Test class: Runner.MyTestRunner<br>Test method: Runs Cucumber Scenarios<br>Parameters: "Validate navigation bar text", "Optional[Dashboard Verification]"</td>
<td></td>
<td>1</td>
<td>Runner.MyTestRunner@7d61eb55</td></tr>
<tr>
<td title='Runner.MyTestRunner.runScenario()'><b>runScenario</b><br>Test class: Runner.MyTestRunner<br>Test method: Runs Cucumber Scenarios<br>Parameters: "Validate loginpage color", "Optional[Home Page Verification]"</td>
<td></td>
<td>0</td>
<td>Runner.MyTestRunner@7d61eb55</td></tr>
<tr>
<td title='Runner.MyTestRunner.runScenario()'><b>runScenario</b><br>Test class: Runner.MyTestRunner<br>Test method: Runs Cucumber Scenarios<br>Parameters: "Validate Page Not found", "Optional[Home Page Verification]"</td>
<td></td>
<td>1</td>
<td>Runner.MyTestRunner@7d61eb55</td></tr>
<tr>
<td title='Runner.MyTestRunner.runScenario()'><b>runScenario</b><br>Test class: Runner.MyTestRunner<br>Test method: Runs Cucumber Scenarios<br>Parameters: "Validate Common Delete button enabled after clicking on any checkbox", "Optional[Multiple Delete Program]"</td>
<td></td>
<td>3</td>
<td>Runner.MyTestRunner@7d61eb55</td></tr>
<tr>
<td title='Runner.MyTestRunner.runScenario()'><b>runScenario</b><br>Test class: Runner.MyTestRunner<br>Test method: Runs Cucumber Scenarios<br>Parameters: "Check if the fields exist in pop", "Optional[Add New Batch]"</td>
<td></td>
<td>0</td>
<td>Runner.MyTestRunner@7d61eb55</td></tr>
<tr>
<td title='Runner.MyTestRunner.runScenario()'><b>runScenario</b><br>Test class: Runner.MyTestRunner<br>Test method: Runs Cucumber Scenarios<br>Parameters: "Batch link on navigation bar", "Optional[Navigation Validation from Manage Program to other Page]"</td>
<td></td>
<td>4</td>
<td>Runner.MyTestRunner@7d61eb55</td></tr>
<tr>
<td title='Runner.MyTestRunner.runScenario()'><b>runScenario</b><br>Test class: Runner.MyTestRunner<br>Test method: Runs Cucumber Scenarios<br>Parameters: "Verify Logout button function", "Optional[Logout Functionality]"</td>
<td></td>
<td>1</td>
<td>Runner.MyTestRunner@7d61eb55</td></tr>
<tr>
<td title='Runner.MyTestRunner.runScenario()'><b>runScenario</b><br>Test class: Runner.MyTestRunner<br>Test method: Runs Cucumber Scenarios<br>Parameters: "Validate  field alignment in DashboardPage", "Optional[Dashboard Verification]"</td>
<td></td>
<td>1</td>
<td>Runner.MyTestRunner@7d61eb55</td></tr>
<tr>
<td title='Runner.MyTestRunner.runScenario()'><b>runScenario</b><br>Test class: Runner.MyTestRunner<br>Test method: Runs Cucumber Scenarios<br>Parameters: "Validate elements in Program deatails modal are visible", "Optional[Add New Program]"</td>
<td></td>
<td>0</td>
<td>Runner.MyTestRunner@7d61eb55</td></tr>
<tr>
<td title='Runner.MyTestRunner.runScenario()'><b>runScenario</b><br>Test class: Runner.MyTestRunner<br>Test method: Runs Cucumber Scenarios<br>Parameters: "Validate Fields are displayed in LoginPage", "Optional[Home Page Verification]"</td>
<td></td>
<td>0</td>
<td>Runner.MyTestRunner@7d61eb55</td></tr>
<tr>
<td title='Runner.MyTestRunner.runScenario()'><b>runScenario</b><br>Test class: Runner.MyTestRunner<br>Test method: Runs Cucumber Scenarios<br>Parameters: "Validate User page elements", "Optional[User page validation]"</td>
<td></td>
<td>1</td>
<td>Runner.MyTestRunner@7d61eb55</td></tr>
<tr>
<td title='Runner.MyTestRunner.runScenario()'><b>runScenario</b><br>Test class: Runner.MyTestRunner<br>Test method: Runs Cucumber Scenarios<br>Parameters: "Validate header in the Batch Page", "Optional[Batch Page Validation]"</td>
<td></td>
<td>0</td>
<td>Runner.MyTestRunner@7d61eb55</td></tr>
<tr>
<td title='Runner.MyTestRunner.runScenario()'><b>runScenario</b><br>Test class: Runner.MyTestRunner<br>Test method: Runs Cucumber Scenarios<br>Parameters: "Validate data rows for checkbox", "Optional[Batch Page Validation]"</td>
<td></td>
<td>0</td>
<td>Runner.MyTestRunner@7d61eb55</td></tr>
<tr>
<td title='Runner.MyTestRunner.runScenario()'><b>runScenario</b><br>Test class: Runner.MyTestRunner<br>Test method: Runs Cucumber Scenarios<br>Parameters: "Validate data rows for delete icon", "Optional[Batch Page Validation]"</td>
<td></td>
<td>0</td>
<td>Runner.MyTestRunner@7d61eb55</td></tr>
<tr>
<td title='Runner.MyTestRunner.runScenario()'><b>runScenario</b><br>Test class: Runner.MyTestRunner<br>Test method: Runs Cucumber Scenarios<br>Parameters: "Validate  field alignment in DashboardPage", "Optional[Dashboard Verification]"</td>
<td></td>
<td>1</td>
<td>Runner.MyTestRunner@7d61eb55</td></tr>
<tr>
<td title='Runner.MyTestRunner.runScenario()'><b>runScenario</b><br>Test class: Runner.MyTestRunner<br>Test method: Runs Cucumber Scenarios<br>Parameters: "Validate Fields are displayed in LoginPage", "Optional[Home Page Verification]"</td>
<td></td>
<td>0</td>
<td>Runner.MyTestRunner@7d61eb55</td></tr>
<tr>
<td title='Runner.MyTestRunner.runScenario()'><b>runScenario</b><br>Test class: Runner.MyTestRunner<br>Test method: Runs Cucumber Scenarios<br>Parameters: "Verify Next page link", "Optional[Pagination]"</td>
<td></td>
<td>3</td>
<td>Runner.MyTestRunner@7d61eb55</td></tr>
<tr>
<td title='Runner.MyTestRunner.runScenario()'><b>runScenario</b><br>Test class: Runner.MyTestRunner<br>Test method: Runs Cucumber Scenarios<br>Parameters: "Check if description is optional field", "Optional[Add New Batch]"</td>
<td></td>
<td>0</td>
<td>Runner.MyTestRunner@7d61eb55</td></tr>
<tr>
<td title='Runner.MyTestRunner.runScenario()'><b>runScenario</b><br>Test class: Runner.MyTestRunner<br>Test method: Runs Cucumber Scenarios<br>Parameters: "Validate elements in Program page", "Optional[Manage Program Page Validation]"</td>
<td></td>
<td>0</td>
<td>Runner.MyTestRunner@7d61eb55</td></tr>
<tr>
<td title='Runner.MyTestRunner.runScenario()'><b>runScenario</b><br>Test class: Runner.MyTestRunner<br>Test method: Runs Cucumber Scenarios<br>Parameters: "Validate reject alert", "Optional[Delete User]"</td>
<td></td>
<td>0</td>
<td>Runner.MyTestRunner@7d61eb55</td></tr>
<tr>
<td title='Runner.MyTestRunner.runScenario()'><b>runScenario</b><br>Test class: Runner.MyTestRunner<br>Test method: Runs Cucumber Scenarios<br>Parameters: "Validate accept alert", "Optional[Delete Batch]"</td>
<td></td>
<td>0</td>
<td>Runner.MyTestRunner@7d61eb55</td></tr>
<tr>
<td title='Runner.MyTestRunner.runScenario()'><b>runScenario</b><br>Test class: Runner.MyTestRunner<br>Test method: Runs Cucumber Scenarios<br>Parameters: "Validate User page elements", "Optional[User page validation]"</td>
<td></td>
<td>1</td>
<td>Runner.MyTestRunner@7d61eb55</td></tr>
<tr>
<td title='Runner.MyTestRunner.runScenario()'><b>runScenario</b><br>Test class: Runner.MyTestRunner<br>Test method: Runs Cucumber Scenarios<br>Parameters: "Verify First page link", "Optional[Pagination]"</td>
<td></td>
<td>8</td>
<td>Runner.MyTestRunner@7d61eb55</td></tr>
<tr>
<td title='Runner.MyTestRunner.runScenario()'><b>runScenario</b><br>Test class: Runner.MyTestRunner<br>Test method: Runs Cucumber Scenarios<br>Parameters: "Validate invalid values on the text column", "Optional[Add New Program]"</td>
<td></td>
<td>1</td>
<td>Runner.MyTestRunner@7d61eb55</td></tr>
<tr>
<td title='Runner.MyTestRunner.runScenario()'><b>runScenario</b><br>Test class: Runner.MyTestRunner<br>Test method: Runs Cucumber Scenarios<br>Parameters: "Validate the delete icon below the header", "Optional[Delete Multiple Users]"</td>
<td></td>
<td>2</td>
<td>Runner.MyTestRunner@7d61eb55</td></tr>
<tr>
<td title='Runner.MyTestRunner.runScenario()'><b>runScenario</b><br>Test class: Runner.MyTestRunner<br>Test method: Runs Cucumber Scenarios<br>Parameters: "Validate User page elements", "Optional[User page validation]"</td>
<td></td>
<td>1</td>
<td>Runner.MyTestRunner@7d61eb55</td></tr>
<tr>
<td title='Runner.MyTestRunner.runScenario()'><b>runScenario</b><br>Test class: Runner.MyTestRunner<br>Test method: Runs Cucumber Scenarios<br>Parameters: "Delete Feature", "Optional[Delete Program details]"</td>
<td></td>
<td>4</td>
<td>Runner.MyTestRunner@7d61eb55</td></tr>
<tr>
<td title='Runner.MyTestRunner.runScenario()'><b>runScenario</b><br>Test class: Runner.MyTestRunner<br>Test method: Runs Cucumber Scenarios<br>Parameters: "Validate navigation bar text", "Optional[Dashboard Verification]"</td>
<td></td>
<td>1</td>
<td>Runner.MyTestRunner@7d61eb55</td></tr>
<tr>
<td title='Runner.MyTestRunner.runScenario()'><b>runScenario</b><br>Test class: Runner.MyTestRunner<br>Test method: Runs Cucumber Scenarios<br>Parameters: "Empty form submission", "Optional[Add New Program]"</td>
<td></td>
<td>0</td>
<td>Runner.MyTestRunner@7d61eb55</td></tr>
<tr>
<td title='Runner.MyTestRunner.runScenario()'><b>runScenario</b><br>Test class: Runner.MyTestRunner<br>Test method: Runs Cucumber Scenarios<br>Parameters: "Validate User page elements", "Optional[User page validation]"</td>
<td></td>
<td>1</td>
<td>Runner.MyTestRunner@7d61eb55</td></tr>
<tr>
<td title='Runner.MyTestRunner.runScenario()'><b>runScenario</b><br>Test class: Runner.MyTestRunner<br>Test method: Runs Cucumber Scenarios<br>Parameters: "Validate correct order in navigation bar", "Optional[Dashboard Verification]"</td>
<td></td>
<td>1</td>
<td>Runner.MyTestRunner@7d61eb55</td></tr>
<tr>
<td title='Runner.MyTestRunner.runScenario()'><b>runScenario</b><br>Test class: Runner.MyTestRunner<br>Test method: Runs Cucumber Scenarios<br>Parameters: "Update User Details", "Optional[Update User Details]"</td>
<td></td>
<td>0</td>
<td>Runner.MyTestRunner@7d61eb55</td></tr>
<tr>
<td title='Runner.MyTestRunner.runScenario()'><b>runScenario</b><br>Test class: Runner.MyTestRunner<br>Test method: Runs Cucumber Scenarios<br>Parameters: "User link on navigation bar", "Optional[Navigation Validation from Manage Program to other Page]"</td>
<td></td>
<td>4</td>
<td>Runner.MyTestRunner@7d61eb55</td></tr>
<tr>
<td title='Runner.MyTestRunner.runScenario()'><b>runScenario</b><br>Test class: Runner.MyTestRunner<br>Test method: Runs Cucumber Scenarios<br>Parameters: "Validate row level edit icon", "Optional[Update User Details]"</td>
<td></td>
<td>2</td>
<td>Runner.MyTestRunner@7d61eb55</td></tr>
<tr>
<td title='Runner.MyTestRunner.runScenario()'><b>runScenario</b><br>Test class: Runner.MyTestRunner<br>Test method: Runs Cucumber Scenarios<br>Parameters: "Validate invalid values on the text column", "Optional[Add New Program]"</td>
<td></td>
<td>1</td>
<td>Runner.MyTestRunner@7d61eb55</td></tr>
<tr>
<td title='Runner.MyTestRunner.runScenario()'><b>runScenario</b><br>Test class: Runner.MyTestRunner<br>Test method: Runs Cucumber Scenarios<br>Parameters: "Empty form submission", "Optional[User Details Popup Validation]"</td>
<td></td>
<td>6</td>
<td>Runner.MyTestRunner@7d61eb55</td></tr>
<tr>
<td title='Runner.MyTestRunner.runScenario()'><b>runScenario</b><br>Test class: Runner.MyTestRunner<br>Test method: Runs Cucumber Scenarios<br>Parameters: "Validate elements in Program page", "Optional[Manage Program Page Validation]"</td>
<td></td>
<td>0</td>
<td>Runner.MyTestRunner@7d61eb55</td></tr>
<tr>
<td title='Runner.MyTestRunner.runScenario()'><b>runScenario</b><br>Test class: Runner.MyTestRunner<br>Test method: Runs Cucumber Scenarios<br>Parameters: "Check if user is created when only optional fields are entered with valid data", "Optional[User Details Popup Validation]"</td>
<td></td>
<td>6</td>
<td>Runner.MyTestRunner@7d61eb55</td></tr>
<tr>
<td title='Runner.MyTestRunner.runScenario()'><b>runScenario</b><br>Test class: Runner.MyTestRunner<br>Test method: Runs Cucumber Scenarios<br>Parameters: "Validate Edit Feature", "Optional[Update Program Details]"</td>
<td></td>
<td>4</td>
<td>Runner.MyTestRunner@7d61eb55</td></tr>
<tr>
<td title='Runner.MyTestRunner.runScenario()'><b>runScenario</b><br>Test class: Runner.MyTestRunner<br>Test method: Runs Cucumber Scenarios<br>Parameters: "Check if the update throws error with invalid valued", "Optional[Edit Batch]"</td>
<td></td>
<td>0</td>
<td>Runner.MyTestRunner@7d61eb55</td></tr>
<tr>
<td title='Runner.MyTestRunner.runScenario()'><b>runScenario</b><br>Test class: Runner.MyTestRunner<br>Test method: Runs Cucumber Scenarios<br>Parameters: "Validate elements in Program deatails modal are visible", "Optional[Add New Program]"</td>
<td></td>
<td>0</td>
<td>Runner.MyTestRunner@7d61eb55</td></tr>
<tr>
<td title='Runner.MyTestRunner.runScenario()'><b>runScenario</b><br>Test class: Runner.MyTestRunner<br>Test method: Runs Cucumber Scenarios<br>Parameters: "Validate User page elements", "Optional[User page validation]"</td>
<td></td>
<td>1</td>
<td>Runner.MyTestRunner@7d61eb55</td></tr>
<tr>
<td title='Runner.MyTestRunner.runScenario()'><b>runScenario</b><br>Test class: Runner.MyTestRunner<br>Test method: Runs Cucumber Scenarios<br>Parameters: "Verify LMS title", "Optional[Dashboard Verification]"</td>
<td></td>
<td>1</td>
<td>Runner.MyTestRunner@7d61eb55</td></tr>
<tr>
<td title='Runner.MyTestRunner.runScenario()'><b>runScenario</b><br>Test class: Runner.MyTestRunner<br>Test method: Runs Cucumber Scenarios<br>Parameters: "Validate elements in Program page", "Optional[Manage Program Page Validation]"</td>
<td></td>
<td>0</td>
<td>Runner.MyTestRunner@7d61eb55</td></tr>
<tr>
<td title='Runner.MyTestRunner.runScenario()'><b>runScenario</b><br>Test class: Runner.MyTestRunner<br>Test method: Runs Cucumber Scenarios<br>Parameters: "Validate accept alert", "Optional[Delete User]"</td>
<td></td>
<td>0</td>
<td>Runner.MyTestRunner@7d61eb55</td></tr>
<tr>
<td title='Runner.MyTestRunner.runScenario()'><b>runScenario</b><br>Test class: Runner.MyTestRunner<br>Test method: Runs Cucumber Scenarios<br>Parameters: "Validate elements in Program page", "Optional[Manage Program Page Validation]"</td>
<td></td>
<td>0</td>
<td>Runner.MyTestRunner@7d61eb55</td></tr>
<tr>
<td title='Runner.MyTestRunner.runScenario()'><b>runScenario</b><br>Test class: Runner.MyTestRunner<br>Test method: Runs Cucumber Scenarios<br>Parameters: "Validate User Details Popup window", "Optional[User Details Popup Validation]"</td>
<td></td>
<td>0</td>
<td>Runner.MyTestRunner@7d61eb55</td></tr>
<tr>
<td title='Runner.MyTestRunner.runScenario()'><b>runScenario</b><br>Test class: Runner.MyTestRunner<br>Test method: Runs Cucumber Scenarios<br>Parameters: "Validate Delete button in Batch Page", "Optional[Batch Page Validation]"</td>
<td></td>
<td>0</td>
<td>Runner.MyTestRunner@7d61eb55</td></tr>
<tr>
<td title='Runner.MyTestRunner.runScenario()'><b>runScenario</b><br>Test class: Runner.MyTestRunner<br>Test method: Runs Cucumber Scenarios<br>Parameters: "Click Yes on deletion window", "Optional[Delete Program details]"</td>
<td></td>
<td>2</td>
<td>Runner.MyTestRunner@7d61eb55</td></tr>
<tr>
<td title='Runner.MyTestRunner.runScenario()'><b>runScenario</b><br>Test class: Runner.MyTestRunner<br>Test method: Runs Cucumber Scenarios<br>Parameters: "Validate login with valid credentials by clicking Login button through Keypad", "Optional[Home Page Verification]"</td>
<td></td>
<td>1</td>
<td>Runner.MyTestRunner@7d61eb55</td></tr>
<tr>
<td title='Runner.MyTestRunner.runScenario()'><b>runScenario</b><br>Test class: Runner.MyTestRunner<br>Test method: Runs Cucumber Scenarios<br>Parameters: "Validate Fields are displayed in LoginPage", "Optional[Home Page Verification]"</td>
<td></td>
<td>0</td>
<td>Runner.MyTestRunner@7d61eb55</td></tr>
<tr>
<td title='Runner.MyTestRunner.runScenario()'><b>runScenario</b><br>Test class: Runner.MyTestRunner<br>Test method: Runs Cucumber Scenarios<br>Parameters: "Validate correct order in navigation bar", "Optional[Dashboard Verification]"</td>
<td></td>
<td>1</td>
<td>Runner.MyTestRunner@7d61eb55</td></tr>
<tr>
<td title='Runner.MyTestRunner.runScenario()'><b>runScenario</b><br>Test class: Runner.MyTestRunner<br>Test method: Runs Cucumber Scenarios<br>Parameters: "Verify Previous page link", "Optional[Pagination]"</td>
<td></td>
<td>8</td>
<td>Runner.MyTestRunner@7d61eb55</td></tr>
<tr>
<td title='Runner.MyTestRunner.runScenario()'><b>runScenario</b><br>Test class: Runner.MyTestRunner<br>Test method: Runs Cucumber Scenarios<br>Parameters: "Validate reject alert", "Optional[Delete Batch]"</td>
<td></td>
<td>0</td>
<td>Runner.MyTestRunner@7d61eb55</td></tr>
<tr>
<td title='Runner.MyTestRunner.runScenario()'><b>runScenario</b><br>Test class: Runner.MyTestRunner<br>Test method: Runs Cucumber Scenarios<br>Parameters: "Validate navigation bar text", "Optional[Dashboard Verification]"</td>
<td></td>
<td>1</td>
<td>Runner.MyTestRunner@7d61eb55</td></tr>
<tr>
<td title='Runner.MyTestRunner.runScenario()'><b>runScenario</b><br>Test class: Runner.MyTestRunner<br>Test method: Runs Cucumber Scenarios<br>Parameters: "Validate elements in Program page", "Optional[Manage Program Page Validation]"</td>
<td></td>
<td>0</td>
<td>Runner.MyTestRunner@7d61eb55</td></tr>
<tr>
<td title='Runner.MyTestRunner.runScenario()'><b>runScenario</b><br>Test class: Runner.MyTestRunner<br>Test method: Runs Cucumber Scenarios<br>Parameters: "Validate pop up for adding batch", "Optional[Batch Page Validation]"</td>
<td></td>
<td>0</td>
<td>Runner.MyTestRunner@7d61eb55</td></tr>
<tr>
<td title='Runner.MyTestRunner.runScenario()'><b>runScenario</b><br>Test class: Runner.MyTestRunner<br>Test method: Runs Cucumber Scenarios<br>Parameters: "Validate User page elements", "Optional[User page validation]"</td>
<td></td>
<td>1</td>
<td>Runner.MyTestRunner@7d61eb55</td></tr>
<tr>
<td title='Runner.MyTestRunner.runScenario()'><b>runScenario</b><br>Test class: Runner.MyTestRunner<br>Test method: Runs Cucumber Scenarios<br>Parameters: "Verify the response time", "Optional[Dashboard Verification]"</td>
<td></td>
<td>1</td>
<td>Runner.MyTestRunner@7d61eb55</td></tr>
<tr>
<td title='Runner.MyTestRunner.runScenario()'><b>runScenario</b><br>Test class: Runner.MyTestRunner<br>Test method: Runs Cucumber Scenarios<br>Parameters: "Verify Logout button function", "Optional[Dashboard Verification]"</td>
<td></td>
<td>1</td>
<td>Runner.MyTestRunner@7d61eb55</td></tr>
<tr>
<td title='Runner.MyTestRunner.runScenario()'><b>runScenario</b><br>Test class: Runner.MyTestRunner<br>Test method: Runs Cucumber Scenarios<br>Parameters: "Validate elements in Program page", "Optional[Manage Program Page Validation]"</td>
<td></td>
<td>0</td>
<td>Runner.MyTestRunner@7d61eb55</td></tr>
<tr>
<td title='Runner.MyTestRunner.runScenario()'><b>runScenario</b><br>Test class: Runner.MyTestRunner<br>Test method: Runs Cucumber Scenarios<br>Parameters: "Validate elements in Program page", "Optional[Manage Program Page Validation]"</td>
<td></td>
<td>0</td>
<td>Runner.MyTestRunner@7d61eb55</td></tr>
<tr>
<td title='Runner.MyTestRunner.runScenario()'><b>runScenario</b><br>Test class: Runner.MyTestRunner<br>Test method: Runs Cucumber Scenarios<br>Parameters: "Check for multi row delete", "Optional[Delete Multiple Batches]"</td>
<td></td>
<td>0</td>
<td>Runner.MyTestRunner@7d61eb55</td></tr>
<tr>
<td title='Runner.MyTestRunner.runScenario()'><b>runScenario</b><br>Test class: Runner.MyTestRunner<br>Test method: Runs Cucumber Scenarios<br>Parameters: "Validate data table headers in the Batch Page", "Optional[Batch Page Validation]"</td>
<td></td>
<td>0</td>
<td>Runner.MyTestRunner@7d61eb55</td></tr>
<tr>
<td title='Runner.MyTestRunner.runScenario()'><b>runScenario</b><br>Test class: Runner.MyTestRunner<br>Test method: Runs Cucumber Scenarios<br>Parameters: "Check if the program details are added in data table", "Optional[Add New Batch]"</td>
<td></td>
<td>0</td>
<td>Runner.MyTestRunner@7d61eb55</td></tr>
<tr>
<td title='Runner.MyTestRunner.runScenario()'><b>runScenario</b><br>Test class: Runner.MyTestRunner<br>Test method: Runs Cucumber Scenarios<br>Parameters: "Validate row level edit icon", "Optional[Edit Batch]"</td>
<td></td>
<td>3</td>
<td>Runner.MyTestRunner@7d61eb55</td></tr>
<tr>
<td title='Runner.MyTestRunner.runScenario()'><b>runScenario</b><br>Test class: Runner.MyTestRunner<br>Test method: Runs Cucumber Scenarios<br>Parameters: "Validate Close X icon on Confirm Deletion alert in the Program module", "Optional[Delete Program details]"</td>
<td></td>
<td>5</td>
<td>Runner.MyTestRunner@7d61eb55</td></tr>
<tr>
<td title='Runner.MyTestRunner.runScenario()'><b>runScenario</b><br>Test class: Runner.MyTestRunner<br>Test method: Runs Cucumber Scenarios<br>Parameters: "Validate  field alignment in DashboardPage", "Optional[Dashboard Verification]"</td>
<td></td>
<td>1</td>
<td>Runner.MyTestRunner@7d61eb55</td></tr>
<tr>
<td title='Runner.MyTestRunner.runScenario()'><b>runScenario</b><br>Test class: Runner.MyTestRunner<br>Test method: Runs Cucumber Scenarios<br>Parameters: "Check if the fields exist in pop", "Optional[Add New Batch]"</td>
<td></td>
<td>0</td>
<td>Runner.MyTestRunner@7d61eb55</td></tr>
<tr>
<td title='Runner.MyTestRunner.runScenario()'><b>runScenario</b><br>Test class: Runner.MyTestRunner<br>Test method: Runs Cucumber Scenarios<br>Parameters: "Validate navigation bar text", "Optional[Dashboard Verification]"</td>
<td></td>
<td>1</td>
<td>Runner.MyTestRunner@7d61eb55</td></tr>
<tr>
<td title='Runner.MyTestRunner.runScenario()'><b>runScenario</b><br>Test class: Runner.MyTestRunner<br>Test method: Runs Cucumber Scenarios<br>Parameters: "Validate User page elements", "Optional[User page validation]"</td>
<td></td>
<td>1</td>
<td>Runner.MyTestRunner@7d61eb55</td></tr>
<tr>
<td title='Runner.MyTestRunner.runScenario()'><b>runScenario</b><br>Test class: Runner.MyTestRunner<br>Test method: Runs Cucumber Scenarios<br>Parameters: "Check for error messages for mandatory fields", "Optional[Add New Batch]"</td>
<td></td>
<td>3</td>
<td>Runner.MyTestRunner@7d61eb55</td></tr>
<tr>
<td title='Runner.MyTestRunner.runScenario()'><b>runScenario</b><br>Test class: Runner.MyTestRunner<br>Test method: Runs Cucumber Scenarios<br>Parameters: "Select Status only", "Optional[Add New Program]"</td>
<td></td>
<td>1</td>
<td>Runner.MyTestRunner@7d61eb55</td></tr>
</table><p>
</body>
</html>