{"uuid":"a45de075-9aad-4e1c-8d83-6b141edf1823","historyId":"fd2200bd16df3db2424bb3caaab82dbb","fullName":"io.cucumber.testng.AbstractTestNGCucumberTests.runScenario","labels":[{"name":"package","value":"Runner.MyTestRunner"},{"name":"testClass","value":"Runner.MyTestRunner"},{"name":"testMethod","value":"runScenario"},{"name":"parentSuite","value":"Default suite"},{"name":"suite","value":"Default test"},{"name":"subSuite","value":"Runner.MyTestRunner"},{"name":"host","value":"DESKTOP-QPCBQJB"},{"name":"thread","value":"25924@DESKTOP-QPCBQJB.main(1)"},{"name":"framework","value":"testng"},{"name":"language","value":"java"}],"links":[],"name":"Runs Cucumber Scenarios","status":"broken","statusDetails":{"known":false,"muted":false,"flaky":false,"message":"Could not create a cucumber expression for 'Admin enters valid credentials {String} and {String}'.\nIt appears you did not register a parameter type.","trace":"io.cucumber.core.exception.CucumberException: Could not create a cucumber expression for 'Admin enters valid credentials {String} and {String}'.\nIt appears you did not register a parameter type.\r\n\tat io.cucumber.core.stepexpression.StepExpressionFactory.registerTypeInConfiguration(StepExpressionFactory.java:101)\r\n\tat io.cucumber.core.stepexpression.StepExpressionFactory.crateExpression(StepExpressionFactory.java:95)\r\n\tat io.cucumber.core.stepexpression.StepExpressionFactory.createExpression(StepExpressionFactory.java:61)\r\n\tat io.cucumber.core.stepexpression.StepExpressionFactory.createExpression(StepExpressionFactory.java:49)\r\n\tat io.cucumber.core.runner.CachingGlue.lambda$prepareGlue$3(CachingGlue.java:272)\r\n\tat java.base/java.util.ArrayList.forEach(ArrayList.java:1596)\r\n\tat io.cucumber.core.runner.CachingGlue.prepareGlue(CachingGlue.java:271)\r\n\tat io.cucumber.core.runner.Runner.runPickle(Runner.java:72)\r\n\tat io.cucumber.testng.TestNGCucumberRunner.lambda$runScenario$1(TestNGCucumberRunner.java:132)\r\n\tat io.cucumber.core.runtime.CucumberExecutionContext.lambda$runTestCase$3(CucumberExecutionContext.java:151)\r\n\tat io.cucumber.core.runtime.RethrowingThrowableCollector.executeAndThrow(RethrowingThrowableCollector.java:23)\r\n\tat io.cucumber.core.runtime.CucumberExecutionContext.runTestCase(CucumberExecutionContext.java:151)\r\n\tat io.cucumber.testng.TestNGCucumberRunner.runScenario(TestNGCucumberRunner.java:129)\r\n\tat io.cucumber.testng.AbstractTestNGCucumberTests.runScenario(AbstractTestNGCucumberTests.java:35)\r\n\tat java.base/jdk.internal.reflect.DirectMethodHandleAccessor.invoke(DirectMethodHandleAccessor.java:103)\r\n\tat java.base/java.lang.reflect.Method.invoke(Method.java:580)\r\n\tat org.testng.internal.invokers.MethodInvocationHelper.invokeMethod(MethodInvocationHelper.java:139)\r\n\tat org.testng.internal.invokers.TestInvoker.invokeMethod(TestInvoker.java:677)\r\n\tat org.testng.internal.invokers.TestInvoker.invokeTestMethod(TestInvoker.java:221)\r\n\tat org.testng.internal.invokers.MethodRunner.runInSequence(MethodRunner.java:50)\r\n\tat org.testng.internal.invokers.TestInvoker$MethodInvocationAgent.invoke(TestInvoker.java:969)\r\n\tat org.testng.internal.invokers.TestInvoker.invokeTestMethods(TestInvoker.java:194)\r\n\tat org.testng.internal.invokers.TestMethodWorker.invokeTestMethods(TestMethodWorker.java:148)\r\n\tat org.testng.internal.invokers.TestMethodWorker.run(TestMethodWorker.java:128)\r\n\tat java.base/java.util.ArrayList.forEach(ArrayList.java:1596)\r\n\tat org.testng.TestRunner.privateRun(TestRunner.java:829)\r\n\tat org.testng.TestRunner.run(TestRunner.java:602)\r\n\tat org.testng.SuiteRunner.runTest(SuiteRunner.java:437)\r\n\tat org.testng.SuiteRunner.runSequentially(SuiteRunner.java:431)\r\n\tat org.testng.SuiteRunner.privateRun(SuiteRunner.java:391)\r\n\tat org.testng.SuiteRunner.run(SuiteRunner.java:330)\r\n\tat org.testng.SuiteRunnerWorker.runSuite(SuiteRunnerWorker.java:52)\r\n\tat org.testng.SuiteRunnerWorker.run(SuiteRunnerWorker.java:95)\r\n\tat org.testng.TestNG.runSuitesSequentially(TestNG.java:1256)\r\n\tat org.testng.TestNG.runSuitesLocally(TestNG.java:1176)\r\n\tat org.testng.TestNG.runSuites(TestNG.java:1099)\r\n\tat org.testng.TestNG.run(TestNG.java:1067)\r\n\tat org.testng.remote.AbstractRemoteTestNG.run(AbstractRemoteTestNG.java:115)\r\n\tat org.testng.remote.RemoteTestNG.initAndRun(RemoteTestNG.java:251)\r\n\tat org.testng.remote.RemoteTestNG.main(RemoteTestNG.java:77)\r\nCaused by: io.cucumber.cucumberexpressions.UndefinedParameterTypeException: This Cucumber Expression has a problem at column 32:\n\nAdmin enters valid credentials {String} and {String}\n                               ^------^\nUndefined parameter type 'String'.\nPlease register a ParameterType for 'String'\r\n\tat io.cucumber.cucumberexpressions.UndefinedParameterTypeException.createUndefinedParameterType(UndefinedParameterTypeException.java:20)\r\n\tat io.cucumber.cucumberexpressions.CucumberExpression.rewriteParameter(CucumberExpression.java:101)\r\n\tat io.cucumber.cucumberexpressions.CucumberExpression.rewriteToRegex(CucumberExpression.java:55)\r\n\tat java.base/java.util.stream.ReferencePipeline$3$1.accept(ReferencePipeline.java:197)\r\n\tat java.base/java.util.ArrayList$ArrayListSpliterator.forEachRemaining(ArrayList.java:1708)\r\n\tat java.base/java.util.stream.AbstractPipeline.copyInto(AbstractPipeline.java:509)\r\n\tat java.base/java.util.stream.AbstractPipeline.wrapAndCopyInto(AbstractPipeline.java:499)\r\n\tat java.base/java.util.stream.ReduceOps$ReduceOp.evaluateSequential(ReduceOps.java:921)\r\n\tat java.base/java.util.stream.AbstractPipeline.evaluate(AbstractPipeline.java:234)\r\n\tat java.base/java.util.stream.ReferencePipeline.collect(ReferencePipeline.java:682)\r\n\tat io.cucumber.cucumberexpressions.CucumberExpression.rewriteExpression(CucumberExpression.java:116)\r\n\tat io.cucumber.cucumberexpressions.CucumberExpression.rewriteToRegex(CucumberExpression.java:57)\r\n\tat io.cucumber.cucumberexpressions.CucumberExpression.<init>(CucumberExpression.java:40)\r\n\tat io.cucumber.cucumberexpressions.ExpressionFactory.createExpression(ExpressionFactory.java:39)\r\n\tat io.cucumber.core.stepexpression.StepExpressionFactory.crateExpression(StepExpressionFactory.java:88)\r\n\t... 38 more\r\n"},"stage":"finished","steps":[],"attachments":[],"parameters":[{"name":"arg1","value":"\"Optional[Home Page Verification]\""},{"name":"arg0","value":"\"Validate login with valid credentials\""}],"start":1714060551539,"stop":1714060551635}