{"uuid":"c6370d88-9337-4aa4-a8d1-7f5cc2144ddb","historyId":"17afa9cf31ed203153b18dc08a74626e","fullName":"Add New Program: Empty form submission","labels":[{"name":"host","value":"DESKTOP-QPCBQJB"},{"name":"thread","value":"5488@DESKTOP-QPCBQJB.main(1)"},{"name":"feature","value":"Add New Program"},{"name":"story","value":"Empty form submission"},{"name":"suite","value":"Add New Program"},{"name":"testClass","value":"Empty form submission"},{"name":"framework","value":"cucumber4jvm"},{"name":"language","value":"java"},{"name":"gherkin_uri","value":"file:///C:/Users/nsatc/git/Team17_Testing_Squad/src/test/resources/Features/03_02_addNewProgram.feature"},{"name":"package","value":"src.test.resources.Features.03_02_addNewProgram_feature.Add New Program"}],"links":[],"name":"Empty form submission","status":"failed","statusDetails":{"known":false,"muted":false,"flaky":false,"message":"expected [true] but found [false]","trace":"java.lang.AssertionError: expected [true] but found [false]\r\n\tat org.testng.Assert.fail(Assert.java:110)\r\n\tat org.testng.Assert.failNotEquals(Assert.java:1577)\r\n\tat org.testng.Assert.assertTrue(Assert.java:56)\r\n\tat org.testng.Assert.assertTrue(Assert.java:66)\r\n\tat StepDefinitions.addNewPgmStep.Validate_admin_is_on_program_Details_modal_window(addNewPgmStep.java:46)\r\n\tat ✽.Validate Admin is on Program Details modal window(file:///C:/Users/nsatc/git/Team17_Testing_Squad/src/test/resources/Features/03_02_addNewProgram.feature:6)\r\n"},"stage":"finished","steps":[{"name":"Given  Admin is on Dashboard page after login for Manage Program","status":"passed","statusDetails":{"known":false,"muted":false,"flaky":false},"stage":"finished","steps":[],"attachments":[],"parameters":[],"start":1714667364347,"stop":1714667364358},{"name":"When  Clicks Program page and clicks A New Program button","status":"passed","statusDetails":{"known":false,"muted":false,"flaky":false},"stage":"finished","steps":[],"attachments":[],"parameters":[],"start":1714667364359,"stop":1714667364651},{"name":"Then  Validate Admin is on Program Details modal window","status":"failed","statusDetails":{"known":false,"muted":false,"flaky":false,"message":"expected [true] but found [false]","trace":"java.lang.AssertionError: expected [true] but found [false]\r\n\tat org.testng.Assert.fail(Assert.java:110)\r\n\tat org.testng.Assert.failNotEquals(Assert.java:1577)\r\n\tat org.testng.Assert.assertTrue(Assert.java:56)\r\n\tat org.testng.Assert.assertTrue(Assert.java:66)\r\n\tat StepDefinitions.addNewPgmStep.Validate_admin_is_on_program_Details_modal_window(addNewPgmStep.java:46)\r\n\tat ✽.Validate Admin is on Program Details modal window(file:///C:/Users/nsatc/git/Team17_Testing_Squad/src/test/resources/Features/03_02_addNewProgram.feature:6)\r\n"},"stage":"finished","steps":[],"attachments":[],"parameters":[],"start":1714667364653,"stop":1714667364700},{"name":"Given  Admin is on Program Details modal window","status":"skipped","statusDetails":{"known":false,"muted":false,"flaky":false},"stage":"finished","steps":[],"attachments":[],"parameters":[],"start":1714667364702,"stop":1714667364703},{"name":"When  Admin clicks Save button without entering any data","status":"skipped","statusDetails":{"known":false,"muted":false,"flaky":false},"stage":"finished","steps":[],"attachments":[],"parameters":[],"start":1714667364703,"stop":1714667364703},{"name":"Then  Admin gets a Error message alert","status":"skipped","statusDetails":{"known":false,"muted":false,"flaky":false},"stage":"finished","steps":[],"attachments":[],"parameters":[],"start":1714667364704,"stop":1714667364704}],"attachments":[],"parameters":[],"start":1714667364346,"stop":1714667365101}